<?xml version="1.0" encoding="UTF-8"?>
<testsuite xmlns:xsi="http://www.w3.org/2001/XMLSchema-instance" xsi:noNamespaceSchemaLocation="https://maven.apache.org/surefire/maven-surefire-plugin/xsd/surefire-test-report-3.0.xsd" version="3.0" name="com.Corporate.Event_Sync.EventSyncApplicationTests" time="9.637" tests="1" errors="0" skipped="0" failures="0">
  <properties>
[...]
</properties>
  <testcase name="contextLoads" classname="com.Corporate.Event_Sync.EventSyncApplicationTests" time="0.518">
    <system-out><![CDATA[Standard Commons Logging discovery in action with spring-jcl: please remove commons-logging.jar from classpath in order to avoid potential conflicts
13:56:18.840 [main] INFO org.springframework.test.context.support.AnnotationConfigContextLoaderUtils -- Could not detect default configuration classes for test class [com.Corporate.Event_Sync.EventSyncApplicationTests]: EventSyncApplicationTests does not declare any static, non-private, non-final, nested classes annotated with @Configuration.
13:56:18.937 [main] INFO org.springframework.boot.test.context.SpringBootTestContextBootstrapper -- Found @SpringBootConfiguration com.Corporate.Event_Sync.EventSyncApplication for test class com.Corporate.Event_Sync.EventSyncApplicationTests

  .   ____          _            __ _ _
 /\\ / ___'_ __ _ _(_)_ __  __ _ \ \ \ \
( ( )\___ | '_ | '_| | '_ \/ _` | \ \ \ \
 \\/  ___)| |_)| | | | | || (_| |  ) ) ) )
  '  |____| .__|_| |_|_| |_\__, | / / / /
 =========|_|==============|___/=/_/_/_/

 :: Spring Boot ::                (v3.3.4)

2025-08-09T13:56:19.327+06:00  INFO 918099 --- [Event_Sync] [           main] c.C.E.EventSyncApplicationTests          : Starting EventSyncApplicationTests using Java 21.0.4 with PID 918099 (started by rakib in /home/rakib/Downloads/BUBT_Applications_semesters/BUBT_Semesters/SDP_2/Event_Sync)
2025-08-09T13:56:19.328+06:00  INFO 918099 --- [Event_Sync] [           main] c.C.E.EventSyncApplicationTests          : No active profile set, falling back to 1 default profile: "default"
2025-08-09T13:56:20.345+06:00  INFO 918099 --- [Event_Sync] [           main] .s.d.r.c.RepositoryConfigurationDelegate : Bootstrapping Spring Data JPA repositories in DEFAULT mode.
2025-08-09T13:56:20.404+06:00  INFO 918099 --- [Event_Sync] [           main] .s.d.r.c.RepositoryConfigurationDelegate : Finished Spring Data repository scanning in 52 ms. Found 4 JPA repository interfaces.
2025-08-09T13:56:21.312+06:00  INFO 918099 --- [Event_Sync] [           main] o.f.c.internal.license.VersionPrinter    : Flyway Community Edition 9.5.1 by Redgate
2025-08-09T13:56:21.312+06:00  INFO 918099 --- [Event_Sync] [           main] o.f.c.internal.license.VersionPrinter    : See what's new here: https://flywaydb.org/documentation/learnmore/releaseNotes#9.5.1
2025-08-09T13:56:21.312+06:00  INFO 918099 --- [Event_Sync] [           main] o.f.c.internal.license.VersionPrinter    : 
2025-08-09T13:56:21.315+06:00 DEBUG 918099 --- [Event_Sync] [           main] o.f.core.internal.util.FeatureDetector   : AWS SDK available: false
2025-08-09T13:56:21.316+06:00 DEBUG 918099 --- [Event_Sync] [           main] o.f.core.internal.util.FeatureDetector   : Google Cloud Storage available: true
2025-08-09T13:56:21.316+06:00 DEBUG 918099 --- [Event_Sync] [           main] o.f.c.i.s.classpath.ClassPathScanner     : Scanning for classpath resources at 'classpath:db/callback' ...
2025-08-09T13:56:21.317+06:00 DEBUG 918099 --- [Event_Sync] [           main] o.f.c.i.s.classpath.ClassPathScanner     : Determining location urls for classpath:db/callback using ClassLoader jdk.internal.loader.ClassLoaders$AppClassLoader@4f2410ac ...
2025-08-09T13:56:21.317+06:00 DEBUG 918099 --- [Event_Sync] [           main] o.f.c.i.s.classpath.ClassPathScanner     : Unable to resolve location classpath:db/callback.
2025-08-09T13:56:21.317+06:00 DEBUG 918099 --- [Event_Sync] [           main] o.f.c.i.s.classpath.ClassPathScanner     : Scanning for classpath resources at 'classpath:db/migration' ...
2025-08-09T13:56:21.317+06:00 DEBUG 918099 --- [Event_Sync] [           main] o.f.c.i.s.classpath.ClassPathScanner     : Determining location urls for classpath:db/migration using ClassLoader jdk.internal.loader.ClassLoaders$AppClassLoader@4f2410ac ...
2025-08-09T13:56:21.317+06:00 DEBUG 918099 --- [Event_Sync] [           main] o.f.c.i.s.classpath.ClassPathScanner     : Scanning URL: file:/home/rakib/Downloads/BUBT_Applications_semesters/BUBT_Semesters/SDP_2/Event_Sync/target/classes/db/migration
2025-08-09T13:56:21.318+06:00 DEBUG 918099 --- [Event_Sync] [           main] o.f.core.internal.util.FeatureDetector   : JBoss VFS v2 available: false
2025-08-09T13:56:21.319+06:00 DEBUG 918099 --- [Event_Sync] [           main] i.s.c.FileSystemClassPathLocationScanner : Scanning starting at classpath root in filesystem: /home/rakib/Downloads/BUBT_Applications_semesters/BUBT_Semesters/SDP_2/Event_Sync/target/classes/
2025-08-09T13:56:21.320+06:00 DEBUG 918099 --- [Event_Sync] [           main] i.s.c.FileSystemClassPathLocationScanner : Scanning for resources in path: /home/rakib/Downloads/BUBT_Applications_semesters/BUBT_Semesters/SDP_2/Event_Sync/target/classes/db/migration (db/migration)
2025-08-09T13:56:21.322+06:00 DEBUG 918099 --- [Event_Sync] [           main] o.f.c.i.s.classpath.ClassPathScanner     : Found resource: db/migration/V1.0.1__Create_Table_User.sql
2025-08-09T13:56:21.322+06:00 DEBUG 918099 --- [Event_Sync] [           main] o.f.c.i.s.classpath.ClassPathScanner     : Found resource: db/migration/V1.0.2__Create_Table_MenuItem.sql
2025-08-09T13:56:21.322+06:00 DEBUG 918099 --- [Event_Sync] [           main] o.f.c.i.s.classpath.ClassPathScanner     : Found resource: db/migration/V1.0.3__Create_Table_Order.sql
2025-08-09T13:56:21.322+06:00 DEBUG 918099 --- [Event_Sync] [           main] o.f.c.i.s.classpath.ClassPathScanner     : Found resource: db/migration/V1.0.4__Create_Table_DefaultWeekDays.sql
2025-08-09T13:56:21.322+06:00 DEBUG 918099 --- [Event_Sync] [           main] o.f.c.i.s.classpath.ClassPathScanner     : Found resource: db/migration/V1.0.6__Insert_Table_Order.sql
2025-08-09T13:56:21.323+06:00 DEBUG 918099 --- [Event_Sync] [           main] o.f.c.i.s.classpath.ClassPathScanner     : Found resource: db/migration/V1.0.7__Alter_Table_Order.sql
2025-08-09T13:56:21.323+06:00 DEBUG 918099 --- [Event_Sync] [           main] o.f.c.i.s.classpath.ClassPathScanner     : Scanning for classes at classpath:db/migration
2025-08-09T13:56:21.328+06:00 DEBUG 918099 --- [Event_Sync] [           main] o.f.c.i.resource.ResourceNameValidator   : Validating V1.0.3__Create_Table_Order.sql
2025-08-09T13:56:21.330+06:00 DEBUG 918099 --- [Event_Sync] [           main] o.f.c.i.resource.ResourceNameValidator   : Validating V1.0.6__Insert_Table_Order.sql
2025-08-09T13:56:21.330+06:00 DEBUG 918099 --- [Event_Sync] [           main] o.f.c.i.resource.ResourceNameValidator   : Validating V1.0.7__Alter_Table_Order.sql
2025-08-09T13:56:21.331+06:00 DEBUG 918099 --- [Event_Sync] [           main] o.f.c.i.resource.ResourceNameValidator   : Validating V1.0.1__Create_Table_User.sql
2025-08-09T13:56:21.331+06:00 DEBUG 918099 --- [Event_Sync] [           main] o.f.c.i.resource.ResourceNameValidator   : Validating V1.0.2__Create_Table_MenuItem.sql
2025-08-09T13:56:21.331+06:00 DEBUG 918099 --- [Event_Sync] [           main] o.f.c.i.resource.ResourceNameValidator   : Validating V1.0.4__Create_Table_DefaultWeekDays.sql
2025-08-09T13:56:21.335+06:00  INFO 918099 --- [Event_Sync] [           main] com.zaxxer.hikari.HikariDataSource       : HikariPool-1 - Starting...
2025-08-09T13:56:21.874+06:00  INFO 918099 --- [Event_Sync] [           main] com.zaxxer.hikari.pool.HikariPool        : HikariPool-1 - Added connection org.postgresql.jdbc.PgConnection@351e89fc
2025-08-09T13:56:21.877+06:00  INFO 918099 --- [Event_Sync] [           main] com.zaxxer.hikari.HikariDataSource       : HikariPool-1 - Start completed.
2025-08-09T13:56:21.904+06:00  INFO 918099 --- [Event_Sync] [           main] o.f.c.i.database.base.BaseDatabaseType   : Database: jdbc:postgresql://localhost:5432/postgres (PostgreSQL 14.18)
2025-08-09T13:56:21.904+06:00 DEBUG 918099 --- [Event_Sync] [           main] o.f.c.i.database.base.BaseDatabaseType   : Driver  : PostgreSQL JDBC Driver 42.7.4
2025-08-09T13:56:21.907+06:00 DEBUG 918099 --- [Event_Sync] [           main] org.flywaydb.core.FlywayExecutor         : DDL Transactions Supported: true
2025-08-09T13:56:21.908+06:00 DEBUG 918099 --- [Event_Sync] [           main] o.f.c.i.s.SchemaHistoryFactory           : Schemas: 
2025-08-09T13:56:21.908+06:00 DEBUG 918099 --- [Event_Sync] [           main] o.f.c.i.s.SchemaHistoryFactory           : Default schema: null
2025-08-09T13:56:21.918+06:00 DEBUG 918099 --- [Event_Sync] [           main] o.f.c.i.c.SqlScriptCallbackFactory       : Scanning for SQL callbacks ...
2025-08-09T13:56:21.928+06:00 DEBUG 918099 --- [Event_Sync] [           main] o.f.core.internal.command.DbValidate     : Validating migrations ...
2025-08-09T13:56:21.943+06:00 DEBUG 918099 --- [Event_Sync] [           main] o.f.core.internal.scanner.Scanner        : Filtering out resource: db/migration/V1.0.3__Create_Table_Order.sql (filename: V1.0.3__Create_Table_Order.sql)
2025-08-09T13:56:21.943+06:00 DEBUG 918099 --- [Event_Sync] [           main] o.f.core.internal.scanner.Scanner        : Filtering out resource: db/migration/V1.0.6__Insert_Table_Order.sql (filename: V1.0.6__Insert_Table_Order.sql)
2025-08-09T13:56:21.944+06:00 DEBUG 918099 --- [Event_Sync] [           main] o.f.core.internal.scanner.Scanner        : Filtering out resource: db/migration/V1.0.7__Alter_Table_Order.sql (filename: V1.0.7__Alter_Table_Order.sql)
2025-08-09T13:56:21.944+06:00 DEBUG 918099 --- [Event_Sync] [           main] o.f.core.internal.scanner.Scanner        : Filtering out resource: db/migration/V1.0.1__Create_Table_User.sql (filename: V1.0.1__Create_Table_User.sql)
2025-08-09T13:56:21.944+06:00 DEBUG 918099 --- [Event_Sync] [           main] o.f.core.internal.scanner.Scanner        : Filtering out resource: db/migration/V1.0.2__Create_Table_MenuItem.sql (filename: V1.0.2__Create_Table_MenuItem.sql)
2025-08-09T13:56:21.944+06:00 DEBUG 918099 --- [Event_Sync] [           main] o.f.core.internal.scanner.Scanner        : Filtering out resource: db/migration/V1.0.4__Create_Table_DefaultWeekDays.sql (filename: V1.0.4__Create_Table_DefaultWeekDays.sql)
2025-08-09T13:56:21.967+06:00  INFO 918099 --- [Event_Sync] [           main] o.f.core.internal.command.DbValidate     : Successfully validated 6 migrations (execution time 00:00.037s)
2025-08-09T13:56:21.973+06:00 DEBUG 918099 --- [Event_Sync] [           main] o.f.core.internal.command.DbSchemas      : Skipping creation of existing schema: "public"
2025-08-09T13:56:22.083+06:00  INFO 918099 --- [Event_Sync] [           main] o.f.core.internal.command.DbMigrate      : Current version of schema "public": 1.0.7
2025-08-09T13:56:22.084+06:00  INFO 918099 --- [Event_Sync] [           main] o.f.core.internal.command.DbMigrate      : Schema "public" is up to date. No migration necessary.
2025-08-09T13:56:22.115+06:00 DEBUG 918099 --- [Event_Sync] [           main] org.flywaydb.core.FlywayExecutor         : Memory usage: 40 of 86M
2025-08-09T13:56:22.284+06:00  INFO 918099 --- [Event_Sync] [           main] o.hibernate.jpa.internal.util.LogHelper  : HHH000204: Processing PersistenceUnitInfo [name: default]
2025-08-09T13:56:22.355+06:00  INFO 918099 --- [Event_Sync] [           main] org.hibernate.Version                    : HHH000412: Hibernate ORM core version 6.5.2.Final
2025-08-09T13:56:22.403+06:00  INFO 918099 --- [Event_Sync] [           main] o.h.c.internal.RegionFactoryInitiator    : HHH000026: Second-level cache disabled
2025-08-09T13:56:22.517+06:00 DEBUG 918099 --- [Event_Sync] [           main] org.hibernate.type.BasicTypeRegistry     : Adding type registration boolean -> org.hibernate.type.BasicTypeReference@290c266c
2025-08-09T13:56:22.517+06:00 DEBUG 918099 --- [Event_Sync] [           main] org.hibernate.type.BasicTypeRegistry     : Adding type registration boolean -> org.hibernate.type.BasicTypeReference@290c266c
2025-08-09T13:56:22.518+06:00 DEBUG 918099 --- [Event_Sync] [           main] org.hibernate.type.BasicTypeRegistry     : Adding type registration java.lang.Boolean -> org.hibernate.type.BasicTypeReference@290c266c
2025-08-09T13:56:22.518+06:00 DEBUG 918099 --- [Event_Sync] [           main] org.hibernate.type.BasicTypeRegistry     : Adding type registration numeric_boolean -> org.hibernate.type.BasicTypeReference@75b363c3
2025-08-09T13:56:22.518+06:00 DEBUG 918099 --- [Event_Sync] [           main] org.hibernate.type.BasicTypeRegistry     : Adding type registration org.hibernate.type.NumericBooleanConverter -> org.hibernate.type.BasicTypeReference@75b363c3
2025-08-09T13:56:22.518+06:00 DEBUG 918099 --- [Event_Sync] [           main] org.hibernate.type.BasicTypeRegistry     : Adding type registration true_false -> org.hibernate.type.BasicTypeReference@6ea3a513
2025-08-09T13:56:22.519+06:00 DEBUG 918099 --- [Event_Sync] [           main] org.hibernate.type.BasicTypeRegistry     : Adding type registration org.hibernate.type.TrueFalseConverter -> org.hibernate.type.BasicTypeReference@6ea3a513
2025-08-09T13:56:22.519+06:00 DEBUG 918099 --- [Event_Sync] [           main] org.hibernate.type.BasicTypeRegistry     : Adding type registration yes_no -> org.hibernate.type.BasicTypeReference@3c4059a
2025-08-09T13:56:22.519+06:00 DEBUG 918099 --- [Event_Sync] [           main] org.hibernate.type.BasicTypeRegistry     : Adding type registration org.hibernate.type.YesNoConverter -> org.hibernate.type.BasicTypeReference@3c4059a
2025-08-09T13:56:22.519+06:00 DEBUG 918099 --- [Event_Sync] [           main] org.hibernate.type.BasicTypeRegistry     : Adding type registration byte -> org.hibernate.type.BasicTypeReference@4b336cc8
2025-08-09T13:56:22.520+06:00 DEBUG 918099 --- [Event_Sync] [           main] org.hibernate.type.BasicTypeRegistry     : Adding type registration byte -> org.hibernate.type.BasicTypeReference@4b336cc8
2025-08-09T13:56:22.520+06:00 DEBUG 918099 --- [Event_Sync] [           main] org.hibernate.type.BasicTypeRegistry     : Adding type registration java.lang.Byte -> org.hibernate.type.BasicTypeReference@4b336cc8
2025-08-09T13:56:22.520+06:00 DEBUG 918099 --- [Event_Sync] [           main] org.hibernate.type.BasicTypeRegistry     : Adding type registration binary -> org.hibernate.type.BasicTypeReference@2570b316
2025-08-09T13:56:22.520+06:00 DEBUG 918099 --- [Event_Sync] [           main] org.hibernate.type.BasicTypeRegistry     : Adding type registration byte[] -> org.hibernate.type.BasicTypeReference@2570b316
2025-08-09T13:56:22.521+06:00 DEBUG 918099 --- [Event_Sync] [           main] org.hibernate.type.BasicTypeRegistry     : Adding type registration [B -> org.hibernate.type.BasicTypeReference@2570b316
2025-08-09T13:56:22.521+06:00 DEBUG 918099 --- [Event_Sync] [           main] org.hibernate.type.BasicTypeRegistry     : Adding type registration binary_wrapper -> org.hibernate.type.BasicTypeReference@56881196
2025-08-09T13:56:22.521+06:00 DEBUG 918099 --- [Event_Sync] [           main] org.hibernate.type.BasicTypeRegistry     : Adding type registration wrapper-binary -> org.hibernate.type.BasicTypeReference@56881196
2025-08-09T13:56:22.521+06:00 DEBUG 918099 --- [Event_Sync] [           main] org.hibernate.type.BasicTypeRegistry     : Adding type registration image -> org.hibernate.type.BasicTypeReference@75c33608
2025-08-09T13:56:22.521+06:00 DEBUG 918099 --- [Event_Sync] [           main] org.hibernate.type.BasicTypeRegistry     : Adding type registration blob -> org.hibernate.type.BasicTypeReference@25464154
2025-08-09T13:56:22.522+06:00 DEBUG 918099 --- [Event_Sync] [           main] org.hibernate.type.BasicTypeRegistry     : Adding type registration java.sql.Blob -> org.hibernate.type.BasicTypeReference@25464154
2025-08-09T13:56:22.522+06:00 DEBUG 918099 --- [Event_Sync] [           main] org.hibernate.type.BasicTypeRegistry     : Adding type registration materialized_blob -> org.hibernate.type.BasicTypeReference@58ebee9
2025-08-09T13:56:22.522+06:00 DEBUG 918099 --- [Event_Sync] [           main] org.hibernate.type.BasicTypeRegistry     : Adding type registration materialized_blob_wrapper -> org.hibernate.type.BasicTypeReference@131c0b6f
2025-08-09T13:56:22.522+06:00 DEBUG 918099 --- [Event_Sync] [           main] org.hibernate.type.BasicTypeRegistry     : Adding type registration short -> org.hibernate.type.BasicTypeReference@7f030c72
2025-08-09T13:56:22.523+06:00 DEBUG 918099 --- [Event_Sync] [           main] org.hibernate.type.BasicTypeRegistry     : Adding type registration short -> org.hibernate.type.BasicTypeReference@7f030c72
2025-08-09T13:56:22.523+06:00 DEBUG 918099 --- [Event_Sync] [           main] org.hibernate.type.BasicTypeRegistry     : Adding type registration java.lang.Short -> org.hibernate.type.BasicTypeReference@7f030c72
2025-08-09T13:56:22.523+06:00 DEBUG 918099 --- [Event_Sync] [           main] org.hibernate.type.BasicTypeRegistry     : Adding type registration integer -> org.hibernate.type.BasicTypeReference@68d8ae27
2025-08-09T13:56:22.523+06:00 DEBUG 918099 --- [Event_Sync] [           main] org.hibernate.type.BasicTypeRegistry     : Adding type registration int -> org.hibernate.type.BasicTypeReference@68d8ae27
2025-08-09T13:56:22.524+06:00 DEBUG 918099 --- [Event_Sync] [           main] org.hibernate.type.BasicTypeRegistry     : Adding type registration java.lang.Integer -> org.hibernate.type.BasicTypeReference@68d8ae27
2025-08-09T13:56:22.524+06:00 DEBUG 918099 --- [Event_Sync] [           main] org.hibernate.type.BasicTypeRegistry     : Adding type registration long -> org.hibernate.type.BasicTypeReference@18513c23
2025-08-09T13:56:22.524+06:00 DEBUG 918099 --- [Event_Sync] [           main] org.hibernate.type.BasicTypeRegistry     : Adding type registration long -> org.hibernate.type.BasicTypeReference@18513c23
2025-08-09T13:56:22.524+06:00 DEBUG 918099 --- [Event_Sync] [           main] org.hibernate.type.BasicTypeRegistry     : Adding type registration java.lang.Long -> org.hibernate.type.BasicTypeReference@18513c23
2025-08-09T13:56:22.524+06:00 DEBUG 918099 --- [Event_Sync] [           main] org.hibernate.type.BasicTypeRegistry     : Adding type registration float -> org.hibernate.type.BasicTypeReference@6be50b35
2025-08-09T13:56:22.525+06:00 DEBUG 918099 --- [Event_Sync] [           main] org.hibernate.type.BasicTypeRegistry     : Adding type registration float -> org.hibernate.type.BasicTypeReference@6be50b35
2025-08-09T13:56:22.525+06:00 DEBUG 918099 --- [Event_Sync] [           main] org.hibernate.type.BasicTypeRegistry     : Adding type registration java.lang.Float -> org.hibernate.type.BasicTypeReference@6be50b35
2025-08-09T13:56:22.525+06:00 DEBUG 918099 --- [Event_Sync] [           main] org.hibernate.type.BasicTypeRegistry     : Adding type registration double -> org.hibernate.type.BasicTypeReference@ce2eaa7
2025-08-09T13:56:22.525+06:00 DEBUG 918099 --- [Event_Sync] [           main] org.hibernate.type.BasicTypeRegistry     : Adding type registration double -> org.hibernate.type.BasicTypeReference@ce2eaa7
2025-08-09T13:56:22.526+06:00 DEBUG 918099 --- [Event_Sync] [           main] org.hibernate.type.BasicTypeRegistry     : Adding type registration java.lang.Double -> org.hibernate.type.BasicTypeReference@ce2eaa7
2025-08-09T13:56:22.526+06:00 DEBUG 918099 --- [Event_Sync] [           main] org.hibernate.type.BasicTypeRegistry     : Adding type registration big_integer -> org.hibernate.type.BasicTypeReference@2166c48a
2025-08-09T13:56:22.526+06:00 DEBUG 918099 --- [Event_Sync] [           main] org.hibernate.type.BasicTypeRegistry     : Adding type registration java.math.BigInteger -> org.hibernate.type.BasicTypeReference@2166c48a
2025-08-09T13:56:22.526+06:00 DEBUG 918099 --- [Event_Sync] [           main] org.hibernate.type.BasicTypeRegistry     : Adding type registration big_decimal -> org.hibernate.type.BasicTypeReference@304744a1
2025-08-09T13:56:22.526+06:00 DEBUG 918099 --- [Event_Sync] [           main] org.hibernate.type.BasicTypeRegistry     : Adding type registration java.math.BigDecimal -> org.hibernate.type.BasicTypeReference@304744a1
2025-08-09T13:56:22.527+06:00 DEBUG 918099 --- [Event_Sync] [           main] org.hibernate.type.BasicTypeRegistry     : Adding type registration character -> org.hibernate.type.BasicTypeReference@73385d3f
2025-08-09T13:56:22.527+06:00 DEBUG 918099 --- [Event_Sync] [           main] org.hibernate.type.BasicTypeRegistry     : Adding type registration char -> org.hibernate.type.BasicTypeReference@73385d3f
2025-08-09T13:56:22.527+06:00 DEBUG 918099 --- [Event_Sync] [           main] org.hibernate.type.BasicTypeRegistry     : Adding type registration java.lang.Character -> org.hibernate.type.BasicTypeReference@73385d3f
2025-08-09T13:56:22.528+06:00 DEBUG 918099 --- [Event_Sync] [           main] org.hibernate.type.BasicTypeRegistry     : Adding type registration character_nchar -> org.hibernate.type.BasicTypeReference@6814262d
2025-08-09T13:56:22.528+06:00 DEBUG 918099 --- [Event_Sync] [           main] org.hibernate.type.BasicTypeRegistry     : Adding type registration string -> org.hibernate.type.BasicTypeReference@7fc1fd31
2025-08-09T13:56:22.528+06:00 DEBUG 918099 --- [Event_Sync] [           main] org.hibernate.type.BasicTypeRegistry     : Adding type registration java.lang.String -> org.hibernate.type.BasicTypeReference@7fc1fd31
2025-08-09T13:56:22.528+06:00 DEBUG 918099 --- [Event_Sync] [           main] org.hibernate.type.BasicTypeRegistry     : Adding type registration nstring -> org.hibernate.type.BasicTypeReference@75a9cc24
2025-08-09T13:56:22.529+06:00 DEBUG 918099 --- [Event_Sync] [           main] org.hibernate.type.BasicTypeRegistry     : Adding type registration characters -> org.hibernate.type.BasicTypeReference@4449a60b
2025-08-09T13:56:22.529+06:00 DEBUG 918099 --- [Event_Sync] [           main] org.hibernate.type.BasicTypeRegistry     : Adding type registration char[] -> org.hibernate.type.BasicTypeReference@4449a60b
2025-08-09T13:56:22.529+06:00 DEBUG 918099 --- [Event_Sync] [           main] org.hibernate.type.BasicTypeRegistry     : Adding type registration [C -> org.hibernate.type.BasicTypeReference@4449a60b
2025-08-09T13:56:22.529+06:00 DEBUG 918099 --- [Event_Sync] [           main] org.hibernate.type.BasicTypeRegistry     : Adding type registration wrapper-characters -> org.hibernate.type.BasicTypeReference@da5d5e1
2025-08-09T13:56:22.530+06:00 DEBUG 918099 --- [Event_Sync] [           main] org.hibernate.type.BasicTypeRegistry     : Adding type registration text -> org.hibernate.type.BasicTypeReference@7d7d8911
2025-08-09T13:56:22.530+06:00 DEBUG 918099 --- [Event_Sync] [           main] org.hibernate.type.BasicTypeRegistry     : Adding type registration ntext -> org.hibernate.type.BasicTypeReference@460eb276
2025-08-09T13:56:22.530+06:00 DEBUG 918099 --- [Event_Sync] [           main] org.hibernate.type.BasicTypeRegistry     : Adding type registration clob -> org.hibernate.type.BasicTypeReference@4ffe3d42
2025-08-09T13:56:22.530+06:00 DEBUG 918099 --- [Event_Sync] [           main] org.hibernate.type.BasicTypeRegistry     : Adding type registration java.sql.Clob -> org.hibernate.type.BasicTypeReference@4ffe3d42
2025-08-09T13:56:22.530+06:00 DEBUG 918099 --- [Event_Sync] [           main] org.hibernate.type.BasicTypeRegistry     : Adding type registration nclob -> org.hibernate.type.BasicTypeReference@6cd7f381
2025-08-09T13:56:22.531+06:00 DEBUG 918099 --- [Event_Sync] [           main] org.hibernate.type.BasicTypeRegistry     : Adding type registration java.sql.NClob -> org.hibernate.type.BasicTypeReference@6cd7f381
2025-08-09T13:56:22.531+06:00 DEBUG 918099 --- [Event_Sync] [           main] org.hibernate.type.BasicTypeRegistry     : Adding type registration materialized_clob -> org.hibernate.type.BasicTypeReference@7df3da0b
2025-08-09T13:56:22.531+06:00 DEBUG 918099 --- [Event_Sync] [           main] org.hibernate.type.BasicTypeRegistry     : Adding type registration materialized_clob_char_array -> org.hibernate.type.BasicTypeReference@4e5d5ac1
2025-08-09T13:56:22.531+06:00 DEBUG 918099 --- [Event_Sync] [           main] org.hibernate.type.BasicTypeRegistry     : Adding type registration materialized_clob_character_array -> org.hibernate.type.BasicTypeReference@70777a65
2025-08-09T13:56:22.532+06:00 DEBUG 918099 --- [Event_Sync] [           main] org.hibernate.type.BasicTypeRegistry     : Adding type registration materialized_nclob -> org.hibernate.type.BasicTypeReference@236fd411
2025-08-09T13:56:22.532+06:00 DEBUG 918099 --- [Event_Sync] [           main] org.hibernate.type.BasicTypeRegistry     : Adding type registration materialized_nclob_character_array -> org.hibernate.type.BasicTypeReference@402f61f5
2025-08-09T13:56:22.532+06:00 DEBUG 918099 --- [Event_Sync] [           main] org.hibernate.type.BasicTypeRegistry     : Adding type registration materialized_nclob_char_array -> org.hibernate.type.BasicTypeReference@6480a063
2025-08-09T13:56:22.532+06:00 DEBUG 918099 --- [Event_Sync] [           main] org.hibernate.type.BasicTypeRegistry     : Adding type registration Duration -> org.hibernate.type.BasicTypeReference@2f6f4ac4
2025-08-09T13:56:22.532+06:00 DEBUG 918099 --- [Event_Sync] [           main] org.hibernate.type.BasicTypeRegistry     : Adding type registration java.time.Duration -> org.hibernate.type.BasicTypeReference@2f6f4ac4
2025-08-09T13:56:22.533+06:00 DEBUG 918099 --- [Event_Sync] [           main] org.hibernate.type.BasicTypeRegistry     : Adding type registration LocalDateTime -> org.hibernate.type.BasicTypeReference@727dcc64
2025-08-09T13:56:22.533+06:00 DEBUG 918099 --- [Event_Sync] [           main] org.hibernate.type.BasicTypeRegistry     : Adding type registration java.time.LocalDateTime -> org.hibernate.type.BasicTypeReference@727dcc64
2025-08-09T13:56:22.533+06:00 DEBUG 918099 --- [Event_Sync] [           main] org.hibernate.type.BasicTypeRegistry     : Adding type registration LocalDate -> org.hibernate.type.BasicTypeReference@49e62b17
2025-08-09T13:56:22.533+06:00 DEBUG 918099 --- [Event_Sync] [           main] org.hibernate.type.BasicTypeRegistry     : Adding type registration java.time.LocalDate -> org.hibernate.type.BasicTypeReference@49e62b17
2025-08-09T13:56:22.534+06:00 DEBUG 918099 --- [Event_Sync] [           main] org.hibernate.type.BasicTypeRegistry     : Adding type registration LocalTime -> org.hibernate.type.BasicTypeReference@288409f0
2025-08-09T13:56:22.534+06:00 DEBUG 918099 --- [Event_Sync] [           main] org.hibernate.type.BasicTypeRegistry     : Adding type registration java.time.LocalTime -> org.hibernate.type.BasicTypeReference@288409f0
2025-08-09T13:56:22.534+06:00 DEBUG 918099 --- [Event_Sync] [           main] org.hibernate.type.BasicTypeRegistry     : Adding type registration OffsetDateTime -> org.hibernate.type.BasicTypeReference@7d685f4e
2025-08-09T13:56:22.534+06:00 DEBUG 918099 --- [Event_Sync] [           main] org.hibernate.type.BasicTypeRegistry     : Adding type registration java.time.OffsetDateTime -> org.hibernate.type.BasicTypeReference@7d685f4e
2025-08-09T13:56:22.534+06:00 DEBUG 918099 --- [Event_Sync] [           main] org.hibernate.type.BasicTypeRegistry     : Adding type registration OffsetDateTimeWithTimezone -> org.hibernate.type.BasicTypeReference@61eab26b
2025-08-09T13:56:22.535+06:00 DEBUG 918099 --- [Event_Sync] [           main] org.hibernate.type.BasicTypeRegistry     : Adding type registration OffsetDateTimeWithoutTimezone -> org.hibernate.type.BasicTypeReference@19ac93d2
2025-08-09T13:56:22.535+06:00 DEBUG 918099 --- [Event_Sync] [           main] org.hibernate.type.BasicTypeRegistry     : Adding type registration OffsetTime -> org.hibernate.type.BasicTypeReference@116fc29e
2025-08-09T13:56:22.535+06:00 DEBUG 918099 --- [Event_Sync] [           main] org.hibernate.type.BasicTypeRegistry     : Adding type registration java.time.OffsetTime -> org.hibernate.type.BasicTypeReference@116fc29e
2025-08-09T13:56:22.535+06:00 DEBUG 918099 --- [Event_Sync] [           main] org.hibernate.type.BasicTypeRegistry     : Adding type registration OffsetTimeUtc -> org.hibernate.type.BasicTypeReference@2e426dd2
2025-08-09T13:56:22.535+06:00 DEBUG 918099 --- [Event_Sync] [           main] org.hibernate.type.BasicTypeRegistry     : Adding type registration OffsetTimeWithTimezone -> org.hibernate.type.BasicTypeReference@1a0ffb9b
2025-08-09T13:56:22.535+06:00 DEBUG 918099 --- [Event_Sync] [           main] org.hibernate.type.BasicTypeRegistry     : Adding type registration OffsetTimeWithoutTimezone -> org.hibernate.type.BasicTypeReference@67c0c90b
2025-08-09T13:56:22.536+06:00 DEBUG 918099 --- [Event_Sync] [           main] org.hibernate.type.BasicTypeRegistry     : Adding type registration ZonedDateTime -> org.hibernate.type.BasicTypeReference@8549c5f
2025-08-09T13:56:22.536+06:00 DEBUG 918099 --- [Event_Sync] [           main] org.hibernate.type.BasicTypeRegistry     : Adding type registration java.time.ZonedDateTime -> org.hibernate.type.BasicTypeReference@8549c5f
2025-08-09T13:56:22.536+06:00 DEBUG 918099 --- [Event_Sync] [           main] org.hibernate.type.BasicTypeRegistry     : Adding type registration ZonedDateTimeWithTimezone -> org.hibernate.type.BasicTypeReference@35454c7a
2025-08-09T13:56:22.536+06:00 DEBUG 918099 --- [Event_Sync] [           main] org.hibernate.type.BasicTypeRegistry     : Adding type registration ZonedDateTimeWithoutTimezone -> org.hibernate.type.BasicTypeReference@50f3ba6a
2025-08-09T13:56:22.537+06:00 DEBUG 918099 --- [Event_Sync] [           main] org.hibernate.type.BasicTypeRegistry     : Adding type registration date -> org.hibernate.type.BasicTypeReference@319aa9ee
2025-08-09T13:56:22.537+06:00 DEBUG 918099 --- [Event_Sync] [           main] org.hibernate.type.BasicTypeRegistry     : Adding type registration java.sql.Date -> org.hibernate.type.BasicTypeReference@319aa9ee
2025-08-09T13:56:22.537+06:00 DEBUG 918099 --- [Event_Sync] [           main] org.hibernate.type.BasicTypeRegistry     : Adding type registration time -> org.hibernate.type.BasicTypeReference@1d806de6
2025-08-09T13:56:22.537+06:00 DEBUG 918099 --- [Event_Sync] [           main] org.hibernate.type.BasicTypeRegistry     : Adding type registration java.sql.Time -> org.hibernate.type.BasicTypeReference@1d806de6
2025-08-09T13:56:22.537+06:00 DEBUG 918099 --- [Event_Sync] [           main] org.hibernate.type.BasicTypeRegistry     : Adding type registration timestamp -> org.hibernate.type.BasicTypeReference@2b9d4b0
2025-08-09T13:56:22.538+06:00 DEBUG 918099 --- [Event_Sync] [           main] org.hibernate.type.BasicTypeRegistry     : Adding type registration java.sql.Timestamp -> org.hibernate.type.BasicTypeReference@2b9d4b0
2025-08-09T13:56:22.538+06:00 DEBUG 918099 --- [Event_Sync] [           main] org.hibernate.type.BasicTypeRegistry     : Adding type registration java.util.Date -> org.hibernate.type.BasicTypeReference@2b9d4b0
2025-08-09T13:56:22.538+06:00 DEBUG 918099 --- [Event_Sync] [           main] org.hibernate.type.BasicTypeRegistry     : Adding type registration calendar -> org.hibernate.type.BasicTypeReference@4f541e67
2025-08-09T13:56:22.538+06:00 DEBUG 918099 --- [Event_Sync] [           main] org.hibernate.type.BasicTypeRegistry     : Adding type registration java.util.Calendar -> org.hibernate.type.BasicTypeReference@4f541e67
2025-08-09T13:56:22.538+06:00 DEBUG 918099 --- [Event_Sync] [           main] org.hibernate.type.BasicTypeRegistry     : Adding type registration java.util.GregorianCalendar -> org.hibernate.type.BasicTypeReference@4f541e67
2025-08-09T13:56:22.539+06:00 DEBUG 918099 --- [Event_Sync] [           main] org.hibernate.type.BasicTypeRegistry     : Adding type registration calendar_date -> org.hibernate.type.BasicTypeReference@2be50bba
2025-08-09T13:56:22.539+06:00 DEBUG 918099 --- [Event_Sync] [           main] org.hibernate.type.BasicTypeRegistry     : Adding type registration calendar_time -> org.hibernate.type.BasicTypeReference@3514ac7d
2025-08-09T13:56:22.539+06:00 DEBUG 918099 --- [Event_Sync] [           main] org.hibernate.type.BasicTypeRegistry     : Adding type registration instant -> org.hibernate.type.BasicTypeReference@79c4f23b
2025-08-09T13:56:22.539+06:00 DEBUG 918099 --- [Event_Sync] [           main] org.hibernate.type.BasicTypeRegistry     : Adding type registration java.time.Instant -> org.hibernate.type.BasicTypeReference@79c4f23b
2025-08-09T13:56:22.539+06:00 DEBUG 918099 --- [Event_Sync] [           main] org.hibernate.type.BasicTypeRegistry     : Adding type registration uuid -> org.hibernate.type.BasicTypeReference@160c7c42
2025-08-09T13:56:22.540+06:00 DEBUG 918099 --- [Event_Sync] [           main] org.hibernate.type.BasicTypeRegistry     : Adding type registration java.util.UUID -> org.hibernate.type.BasicTypeReference@160c7c42
2025-08-09T13:56:22.540+06:00 DEBUG 918099 --- [Event_Sync] [           main] org.hibernate.type.BasicTypeRegistry     : Adding type registration pg-uuid -> org.hibernate.type.BasicTypeReference@160c7c42
2025-08-09T13:56:22.540+06:00 DEBUG 918099 --- [Event_Sync] [           main] org.hibernate.type.BasicTypeRegistry     : Adding type registration uuid-binary -> org.hibernate.type.BasicTypeReference@15371de2
2025-08-09T13:56:22.540+06:00 DEBUG 918099 --- [Event_Sync] [           main] org.hibernate.type.BasicTypeRegistry     : Adding type registration uuid-char -> org.hibernate.type.BasicTypeReference@5503c7d
2025-08-09T13:56:22.540+06:00 DEBUG 918099 --- [Event_Sync] [           main] org.hibernate.type.BasicTypeRegistry     : Adding type registration class -> org.hibernate.type.BasicTypeReference@5b5b53c6
2025-08-09T13:56:22.541+06:00 DEBUG 918099 --- [Event_Sync] [           main] org.hibernate.type.BasicTypeRegistry     : Adding type registration java.lang.Class -> org.hibernate.type.BasicTypeReference@5b5b53c6
2025-08-09T13:56:22.541+06:00 DEBUG 918099 --- [Event_Sync] [           main] org.hibernate.type.BasicTypeRegistry     : Adding type registration currency -> org.hibernate.type.BasicTypeReference@2ec0ca83
2025-08-09T13:56:22.541+06:00 DEBUG 918099 --- [Event_Sync] [           main] org.hibernate.type.BasicTypeRegistry     : Adding type registration Currency -> org.hibernate.type.BasicTypeReference@2ec0ca83
2025-08-09T13:56:22.541+06:00 DEBUG 918099 --- [Event_Sync] [           main] org.hibernate.type.BasicTypeRegistry     : Adding type registration java.util.Currency -> org.hibernate.type.BasicTypeReference@2ec0ca83
2025-08-09T13:56:22.541+06:00 DEBUG 918099 --- [Event_Sync] [           main] org.hibernate.type.BasicTypeRegistry     : Adding type registration locale -> org.hibernate.type.BasicTypeReference@3350ab4
2025-08-09T13:56:22.541+06:00 DEBUG 918099 --- [Event_Sync] [           main] org.hibernate.type.BasicTypeRegistry     : Adding type registration java.util.Locale -> org.hibernate.type.BasicTypeReference@3350ab4
2025-08-09T13:56:22.542+06:00 DEBUG 918099 --- [Event_Sync] [           main] org.hibernate.type.BasicTypeRegistry     : Adding type registration serializable -> org.hibernate.type.BasicTypeReference@7827d7b
2025-08-09T13:56:22.542+06:00 DEBUG 918099 --- [Event_Sync] [           main] org.hibernate.type.BasicTypeRegistry     : Adding type registration java.io.Serializable -> org.hibernate.type.BasicTypeReference@7827d7b
2025-08-09T13:56:22.542+06:00 DEBUG 918099 --- [Event_Sync] [           main] org.hibernate.type.BasicTypeRegistry     : Adding type registration timezone -> org.hibernate.type.BasicTypeReference@646cb2e
2025-08-09T13:56:22.542+06:00 DEBUG 918099 --- [Event_Sync] [           main] org.hibernate.type.BasicTypeRegistry     : Adding type registration java.util.TimeZone -> org.hibernate.type.BasicTypeReference@646cb2e
2025-08-09T13:56:22.542+06:00 DEBUG 918099 --- [Event_Sync] [           main] org.hibernate.type.BasicTypeRegistry     : Adding type registration ZoneOffset -> org.hibernate.type.BasicTypeReference@2e7a9db7
2025-08-09T13:56:22.543+06:00 DEBUG 918099 --- [Event_Sync] [           main] org.hibernate.type.BasicTypeRegistry     : Adding type registration java.time.ZoneOffset -> org.hibernate.type.BasicTypeReference@2e7a9db7
2025-08-09T13:56:22.543+06:00 DEBUG 918099 --- [Event_Sync] [           main] org.hibernate.type.BasicTypeRegistry     : Adding type registration url -> org.hibernate.type.BasicTypeReference@5315266
2025-08-09T13:56:22.543+06:00 DEBUG 918099 --- [Event_Sync] [           main] org.hibernate.type.BasicTypeRegistry     : Adding type registration java.net.URL -> org.hibernate.type.BasicTypeReference@5315266
2025-08-09T13:56:22.543+06:00 DEBUG 918099 --- [Event_Sync] [           main] org.hibernate.type.BasicTypeRegistry     : Adding type registration vector -> org.hibernate.type.BasicTypeReference@11cc9e1e
2025-08-09T13:56:22.543+06:00 DEBUG 918099 --- [Event_Sync] [           main] org.hibernate.type.BasicTypeRegistry     : Adding type registration row_version -> org.hibernate.type.BasicTypeReference@216328b2
2025-08-09T13:56:22.552+06:00 DEBUG 918099 --- [Event_Sync] [           main] org.hibernate.type.BasicTypeRegistry     : Adding type registration object -> org.hibernate.type.JavaObjectType@5bde6148
2025-08-09T13:56:22.553+06:00 DEBUG 918099 --- [Event_Sync] [           main] org.hibernate.type.BasicTypeRegistry     : Adding type registration java.lang.Object -> org.hibernate.type.JavaObjectType@5bde6148
2025-08-09T13:56:22.555+06:00 DEBUG 918099 --- [Event_Sync] [           main] org.hibernate.type.BasicTypeRegistry     : Adding type registration null -> org.hibernate.type.NullType@6e49b011
2025-08-09T13:56:22.556+06:00 DEBUG 918099 --- [Event_Sync] [           main] org.hibernate.type.BasicTypeRegistry     : Adding type registration imm_date -> org.hibernate.type.BasicTypeReference@3a709cc7
2025-08-09T13:56:22.556+06:00 DEBUG 918099 --- [Event_Sync] [           main] org.hibernate.type.BasicTypeRegistry     : Adding type registration imm_time -> org.hibernate.type.BasicTypeReference@1da5c19d
2025-08-09T13:56:22.556+06:00 DEBUG 918099 --- [Event_Sync] [           main] org.hibernate.type.BasicTypeRegistry     : Adding type registration imm_timestamp -> org.hibernate.type.BasicTypeReference@3e4f2300
2025-08-09T13:56:22.557+06:00 DEBUG 918099 --- [Event_Sync] [           main] org.hibernate.type.BasicTypeRegistry     : Adding type registration imm_calendar -> org.hibernate.type.BasicTypeReference@e706aa
2025-08-09T13:56:22.557+06:00 DEBUG 918099 --- [Event_Sync] [           main] org.hibernate.type.BasicTypeRegistry     : Adding type registration imm_calendar_date -> org.hibernate.type.BasicTypeReference@25e6c22a
2025-08-09T13:56:22.557+06:00 DEBUG 918099 --- [Event_Sync] [           main] org.hibernate.type.BasicTypeRegistry     : Adding type registration imm_calendar_time -> org.hibernate.type.BasicTypeReference@16fc5622
2025-08-09T13:56:22.557+06:00 DEBUG 918099 --- [Event_Sync] [           main] org.hibernate.type.BasicTypeRegistry     : Adding type registration imm_binary -> org.hibernate.type.BasicTypeReference@516c20de
2025-08-09T13:56:22.557+06:00 DEBUG 918099 --- [Event_Sync] [           main] org.hibernate.type.BasicTypeRegistry     : Adding type registration imm_serializable -> org.hibernate.type.BasicTypeReference@6906be0f
2025-08-09T13:56:22.911+06:00  INFO 918099 --- [Event_Sync] [           main] o.s.o.j.p.SpringPersistenceUnitInfo      : No LoadTimeWeaver setup: ignoring JPA class transformer
2025-08-09T13:56:22.975+06:00  WARN 918099 --- [Event_Sync] [           main] org.hibernate.orm.deprecation            : HHH90000025: PostgreSQLDialect does not need to be specified explicitly using 'hibernate.dialect' (remove the property setting and it will be selected by default)
2025-08-09T13:56:23.000+06:00 DEBUG 918099 --- [Event_Sync] [           main] o.h.t.d.sql.spi.DdlTypeRegistry          : addDescriptor(2003, org.hibernate.type.descriptor.sql.internal.ArrayDdlTypeImpl@54ae1240) replaced previous registration(org.hibernate.type.descriptor.sql.internal.ArrayDdlTypeImpl@1c2b65cc)
2025-08-09T13:56:23.001+06:00 DEBUG 918099 --- [Event_Sync] [           main] o.h.t.d.sql.spi.DdlTypeRegistry          : addDescriptor(6, org.hibernate.type.descriptor.sql.internal.CapacityDependentDdlType@390a7532) replaced previous registration(org.hibernate.type.descriptor.sql.internal.DdlTypeImpl@595184d8)
2025-08-09T13:56:23.003+06:00 DEBUG 918099 --- [Event_Sync] [           main] o.h.t.d.jdbc.spi.JdbcTypeRegistry        : addDescriptor(2004, BlobTypeDescriptor(BLOB_BINDING)) replaced previous registration(BlobTypeDescriptor(DEFAULT))
2025-08-09T13:56:23.004+06:00 DEBUG 918099 --- [Event_Sync] [           main] o.h.t.d.jdbc.spi.JdbcTypeRegistry        : addDescriptor(2005, ClobTypeDescriptor(CLOB_BINDING)) replaced previous registration(ClobTypeDescriptor(DEFAULT))
2025-08-09T13:56:23.016+06:00 DEBUG 918099 --- [Event_Sync] [           main] org.hibernate.type.BasicTypeRegistry     : Adding type registration JAVA_OBJECT -> org.hibernate.type.JavaObjectType@52efb338
2025-08-09T13:56:23.016+06:00 DEBUG 918099 --- [Event_Sync] [           main] org.hibernate.type.BasicTypeRegistry     : Adding type registration java.lang.Object -> org.hibernate.type.JavaObjectType@52efb338
2025-08-09T13:56:23.016+06:00 DEBUG 918099 --- [Event_Sync] [           main] org.hibernate.type.BasicTypeRegistry     : Type registration key [java.lang.Object] overrode previous entry : `org.hibernate.type.JavaObjectType@5bde6148`
2025-08-09T13:56:23.021+06:00 DEBUG 918099 --- [Event_Sync] [           main] org.hibernate.type.BasicTypeRegistry     : Adding type registration org.hibernate.type.DurationType -> basicType@1(java.time.Duration,3015)
2025-08-09T13:56:23.021+06:00 DEBUG 918099 --- [Event_Sync] [           main] org.hibernate.type.BasicTypeRegistry     : Adding type registration Duration -> basicType@1(java.time.Duration,3015)
2025-08-09T13:56:23.021+06:00 DEBUG 918099 --- [Event_Sync] [           main] org.hibernate.type.BasicTypeRegistry     : Adding type registration java.time.Duration -> basicType@1(java.time.Duration,3015)
2025-08-09T13:56:23.025+06:00 DEBUG 918099 --- [Event_Sync] [           main] org.hibernate.type.BasicTypeRegistry     : Adding type registration org.hibernate.type.OffsetDateTimeType -> basicType@2(java.time.OffsetDateTime,3003)
2025-08-09T13:56:23.025+06:00 DEBUG 918099 --- [Event_Sync] [           main] org.hibernate.type.BasicTypeRegistry     : Adding type registration OffsetDateTime -> basicType@2(java.time.OffsetDateTime,3003)
2025-08-09T13:56:23.025+06:00 DEBUG 918099 --- [Event_Sync] [           main] org.hibernate.type.BasicTypeRegistry     : Adding type registration java.time.OffsetDateTime -> basicType@2(java.time.OffsetDateTime,3003)
2025-08-09T13:56:23.025+06:00 DEBUG 918099 --- [Event_Sync] [           main] org.hibernate.type.BasicTypeRegistry     : Adding type registration org.hibernate.type.ZonedDateTimeType -> basicType@3(java.time.ZonedDateTime,3003)
2025-08-09T13:56:23.025+06:00 DEBUG 918099 --- [Event_Sync] [           main] org.hibernate.type.BasicTypeRegistry     : Adding type registration ZonedDateTime -> basicType@3(java.time.ZonedDateTime,3003)
2025-08-09T13:56:23.026+06:00 DEBUG 918099 --- [Event_Sync] [           main] org.hibernate.type.BasicTypeRegistry     : Adding type registration java.time.ZonedDateTime -> basicType@3(java.time.ZonedDateTime,3003)
2025-08-09T13:56:23.027+06:00 DEBUG 918099 --- [Event_Sync] [           main] org.hibernate.type.BasicTypeRegistry     : Adding type registration org.hibernate.type.OffsetTimeType -> basicType@4(java.time.OffsetTime,3007)
2025-08-09T13:56:23.027+06:00 DEBUG 918099 --- [Event_Sync] [           main] org.hibernate.type.BasicTypeRegistry     : Adding type registration OffsetTime -> basicType@4(java.time.OffsetTime,3007)
2025-08-09T13:56:23.027+06:00 DEBUG 918099 --- [Event_Sync] [           main] org.hibernate.type.BasicTypeRegistry     : Adding type registration java.time.OffsetTime -> basicType@4(java.time.OffsetTime,3007)
2025-08-09T13:56:23.030+06:00 DEBUG 918099 --- [Event_Sync] [           main] o.h.type.spi.TypeConfiguration$Scope     : Scoping TypeConfiguration [org.hibernate.type.spi.TypeConfiguration@15bb8ed5] to MetadataBuildingContext [org.hibernate.boot.internal.MetadataBuildingContextRootImpl@18f8ebd4]
2025-08-09T13:56:24.107+06:00  INFO 918099 --- [Event_Sync] [           main] o.h.e.t.j.p.i.JtaPlatformInitiator       : HHH000489: No JTA platform available (set 'hibernate.transaction.jta.platform' to enable JTA platform integration)
2025-08-09T13:56:24.108+06:00 DEBUG 918099 --- [Event_Sync] [           main] o.h.type.spi.TypeConfiguration$Scope     : Scoping TypeConfiguration [org.hibernate.type.spi.TypeConfiguration@15bb8ed5] to SessionFactoryImplementor [org.hibernate.internal.SessionFactoryImpl@4a532271]
2025-08-09T13:56:24.110+06:00 TRACE 918099 --- [Event_Sync] [           main] o.h.type.spi.TypeConfiguration$Scope     : Handling #sessionFactoryCreated from [org.hibernate.internal.SessionFactoryImpl@4a532271] for TypeConfiguration
2025-08-09T13:56:24.111+06:00  INFO 918099 --- [Event_Sync] [           main] j.LocalContainerEntityManagerFactoryBean : Initialized JPA EntityManagerFactory for persistence unit 'default'
2025-08-09T13:56:24.492+06:00  INFO 918099 --- [Event_Sync] [           main] o.s.d.j.r.query.QueryEnhancerFactory     : Hibernate is in classpath; If applicable, HQL parser will be used.
2025-08-09T13:56:24.775+06:00 DEBUG 918099 --- [Event_Sync] [           main] org.hibernate.SQL                        : 
    select
        mi1_0.id 
    from
        menu_items mi1_0 
    where
        mi1_0.item_name=? 
    fetch
        first ? rows only
Hibernate: 
    select
        mi1_0.id 
    from
        menu_items mi1_0 
    where
        mi1_0.item_name=? 
    fetch
        first ? rows only
2025-08-09T13:56:24.881+06:00 DEBUG 918099 --- [Event_Sync] [           main] org.hibernate.SQL                        : 
    select
        mi1_0.id 
    from
        menu_items mi1_0 
    where
        mi1_0.item_name=? 
    fetch
        first ? rows only
Hibernate: 
    select
        mi1_0.id 
    from
        menu_items mi1_0 
    where
        mi1_0.item_name=? 
    fetch
        first ? rows only
2025-08-09T13:56:24.884+06:00 DEBUG 918099 --- [Event_Sync] [           main] org.hibernate.SQL                        : 
    select
        mi1_0.id 
    from
        menu_items mi1_0 
    where
        mi1_0.item_name=? 
    fetch
        first ? rows only
Hibernate: 
    select
        mi1_0.id 
    from
        menu_items mi1_0 
    where
        mi1_0.item_name=? 
    fetch
        first ? rows only
2025-08-09T13:56:24.887+06:00 DEBUG 918099 --- [Event_Sync] [           main] org.hibernate.SQL                        : 
    select
        mi1_0.id 
    from
        menu_items mi1_0 
    where
        mi1_0.item_name=? 
    fetch
        first ? rows only
Hibernate: 
    select
        mi1_0.id 
    from
        menu_items mi1_0 
    where
        mi1_0.item_name=? 
    fetch
        first ? rows only
2025-08-09T13:56:24.890+06:00 DEBUG 918099 --- [Event_Sync] [           main] org.hibernate.SQL                        : 
    select
        mi1_0.id 
    from
        menu_items mi1_0 
    where
        mi1_0.item_name=? 
    fetch
        first ? rows only
Hibernate: 
    select
        mi1_0.id 
    from
        menu_items mi1_0 
    where
        mi1_0.item_name=? 
    fetch
        first ? rows only
2025-08-09T13:56:24.892+06:00 DEBUG 918099 --- [Event_Sync] [           main] org.hibernate.SQL                        : 
    select
        mi1_0.id 
    from
        menu_items mi1_0 
    where
        mi1_0.item_name=? 
    fetch
        first ? rows only
Hibernate: 
    select
        mi1_0.id 
    from
        menu_items mi1_0 
    where
        mi1_0.item_name=? 
    fetch
        first ? rows only
2025-08-09T13:56:24.895+06:00 DEBUG 918099 --- [Event_Sync] [           main] org.hibernate.SQL                        : 
    select
        mi1_0.id 
    from
        menu_items mi1_0 
    where
        mi1_0.item_name=? 
    fetch
        first ? rows only
Hibernate: 
    select
        mi1_0.id 
    from
        menu_items mi1_0 
    where
        mi1_0.item_name=? 
    fetch
        first ? rows only
2025-08-09T13:56:24.898+06:00 DEBUG 918099 --- [Event_Sync] [           main] org.hibernate.SQL                        : 
    select
        mi1_0.id 
    from
        menu_items mi1_0 
    where
        mi1_0.item_name=? 
    fetch
        first ? rows only
Hibernate: 
    select
        mi1_0.id 
    from
        menu_items mi1_0 
    where
        mi1_0.item_name=? 
    fetch
        first ? rows only
2025-08-09T13:56:24.901+06:00 DEBUG 918099 --- [Event_Sync] [           main] org.hibernate.SQL                        : 
    select
        mi1_0.id 
    from
        menu_items mi1_0 
    where
        mi1_0.item_name=? 
    fetch
        first ? rows only
Hibernate: 
    select
        mi1_0.id 
    from
        menu_items mi1_0 
    where
        mi1_0.item_name=? 
    fetch
        first ? rows only
2025-08-09T13:56:24.904+06:00 DEBUG 918099 --- [Event_Sync] [           main] org.hibernate.SQL                        : 
    select
        mi1_0.id 
    from
        menu_items mi1_0 
    where
        mi1_0.item_name=? 
    fetch
        first ? rows only
Hibernate: 
    select
        mi1_0.id 
    from
        menu_items mi1_0 
    where
        mi1_0.item_name=? 
    fetch
        first ? rows only
2025-08-09T13:56:24.907+06:00 DEBUG 918099 --- [Event_Sync] [           main] org.hibernate.SQL                        : 
    select
        mi1_0.id 
    from
        menu_items mi1_0 
    where
        mi1_0.item_name=? 
    fetch
        first ? rows only
Hibernate: 
    select
        mi1_0.id 
    from
        menu_items mi1_0 
    where
        mi1_0.item_name=? 
    fetch
        first ? rows only
2025-08-09T13:56:24.909+06:00 DEBUG 918099 --- [Event_Sync] [           main] org.hibernate.SQL                        : 
    select
        mi1_0.id 
    from
        menu_items mi1_0 
    where
        mi1_0.item_name=? 
    fetch
        first ? rows only
Hibernate: 
    select
        mi1_0.id 
    from
        menu_items mi1_0 
    where
        mi1_0.item_name=? 
    fetch
        first ? rows only
2025-08-09T13:56:24.912+06:00 DEBUG 918099 --- [Event_Sync] [           main] org.hibernate.SQL                        : 
    select
        mi1_0.id 
    from
        menu_items mi1_0 
    where
        mi1_0.item_name=? 
    fetch
        first ? rows only
Hibernate: 
    select
        mi1_0.id 
    from
        menu_items mi1_0 
    where
        mi1_0.item_name=? 
    fetch
        first ? rows only
2025-08-09T13:56:24.914+06:00 DEBUG 918099 --- [Event_Sync] [           main] org.hibernate.SQL                        : 
    select
        mi1_0.id 
    from
        menu_items mi1_0 
    where
        mi1_0.item_name=? 
    fetch
        first ? rows only
Hibernate: 
    select
        mi1_0.id 
    from
        menu_items mi1_0 
    where
        mi1_0.item_name=? 
    fetch
        first ? rows only
2025-08-09T13:56:24.917+06:00 DEBUG 918099 --- [Event_Sync] [           main] org.hibernate.SQL                        : 
    select
        mi1_0.id 
    from
        menu_items mi1_0 
    where
        mi1_0.item_name=? 
    fetch
        first ? rows only
Hibernate: 
    select
        mi1_0.id 
    from
        menu_items mi1_0 
    where
        mi1_0.item_name=? 
    fetch
        first ? rows only
2025-08-09T13:56:24.919+06:00 DEBUG 918099 --- [Event_Sync] [           main] org.hibernate.SQL                        : 
    select
        mi1_0.id 
    from
        menu_items mi1_0 
    where
        mi1_0.item_name=? 
    fetch
        first ? rows only
Hibernate: 
    select
        mi1_0.id 
    from
        menu_items mi1_0 
    where
        mi1_0.item_name=? 
    fetch
        first ? rows only
2025-08-09T13:56:24.922+06:00 DEBUG 918099 --- [Event_Sync] [           main] org.hibernate.SQL                        : 
    select
        mi1_0.id 
    from
        menu_items mi1_0 
    where
        mi1_0.item_name=? 
    fetch
        first ? rows only
Hibernate: 
    select
        mi1_0.id 
    from
        menu_items mi1_0 
    where
        mi1_0.item_name=? 
    fetch
        first ? rows only
2025-08-09T13:56:24.925+06:00 DEBUG 918099 --- [Event_Sync] [           main] org.hibernate.SQL                        : 
    select
        mi1_0.id 
    from
        menu_items mi1_0 
    where
        mi1_0.item_name=? 
    fetch
        first ? rows only
Hibernate: 
    select
        mi1_0.id 
    from
        menu_items mi1_0 
    where
        mi1_0.item_name=? 
    fetch
        first ? rows only
2025-08-09T13:56:24.927+06:00 DEBUG 918099 --- [Event_Sync] [           main] org.hibernate.SQL                        : 
    select
        mi1_0.id 
    from
        menu_items mi1_0 
    where
        mi1_0.item_name=? 
    fetch
        first ? rows only
Hibernate: 
    select
        mi1_0.id 
    from
        menu_items mi1_0 
    where
        mi1_0.item_name=? 
    fetch
        first ? rows only
2025-08-09T13:56:24.930+06:00 DEBUG 918099 --- [Event_Sync] [           main] org.hibernate.SQL                        : 
    select
        mi1_0.id 
    from
        menu_items mi1_0 
    where
        mi1_0.item_name=? 
    fetch
        first ? rows only
Hibernate: 
    select
        mi1_0.id 
    from
        menu_items mi1_0 
    where
        mi1_0.item_name=? 
    fetch
        first ? rows only
2025-08-09T13:56:26.351+06:00  WARN 918099 --- [Event_Sync] [           main] JpaBaseConfiguration$JpaWebConfiguration : spring.jpa.open-in-view is enabled by default. Therefore, database queries may be performed during view rendering. Explicitly configure spring.jpa.open-in-view to disable this warning
2025-08-09T13:56:27.529+06:00  INFO 918099 --- [Event_Sync] [           main] o.s.b.a.e.web.EndpointLinksResolver      : Exposing 1 endpoint beneath base path '/actuator'
2025-08-09T13:56:27.652+06:00  INFO 918099 --- [Event_Sync] [           main] c.C.E.EventSyncApplicationTests          : Started EventSyncApplicationTests in 8.606 seconds (process running for 9.406)
]]></system-out>
    <system-err><![CDATA[WARNING: A Java agent has been loaded dynamically (/home/rakib/.m2/repository/net/bytebuddy/byte-buddy-agent/1.14.19/byte-buddy-agent-1.14.19.jar)
WARNING: If a serviceability tool is in use, please run with -XX:+EnableDynamicAgentLoading to hide this warning
WARNING: If a serviceability tool is not in use, please run with -Djdk.instrument.traceUsage for more information
WARNING: Dynamic loading of agents will be disallowed by default in a future release
]]></system-err>
  </testcase>
</testsuite>