<?xml version="1.0" encoding="UTF-8"?>
<testsuite xmlns:xsi="http://www.w3.org/2001/XMLSchema-instance" xsi:noNamespaceSchemaLocation="https://maven.apache.org/surefire/maven-surefire-plugin/xsd/surefire-test-report-3.0.xsd" version="3.0" name="com.Corporate.Event_Sync.EventSyncApplicationTests" time="7.422" tests="1" errors="0" skipped="0" failures="0">
  <properties>
[...]
</properties>
  <testcase name="contextLoads" classname="com.Corporate.Event_Sync.EventSyncApplicationTests" time="0.531">
    <system-out><![CDATA[11:33:14.054 [main] INFO org.springframework.test.context.support.AnnotationConfigContextLoaderUtils -- Could not detect default configuration classes for test class [com.Corporate.Event_Sync.EventSyncApplicationTests]: EventSyncApplicationTests does not declare any static, non-private, non-final, nested classes annotated with @Configuration.
11:33:14.147 [main] INFO org.springframework.boot.test.context.SpringBootTestContextBootstrapper -- Found @SpringBootConfiguration com.Corporate.Event_Sync.EventSyncApplication for test class com.Corporate.Event_Sync.EventSyncApplicationTests

  .   ____          _            __ _ _
 /\\ / ___'_ __ _ _(_)_ __  __ _ \ \ \ \
( ( )\___ | '_ | '_| | '_ \/ _` | \ \ \ \
 \\/  ___)| |_)| | | | | || (_| |  ) ) ) )
  '  |____| .__|_| |_|_| |_\__, | / / / /
 =========|_|==============|___/=/_/_/_/

 :: Spring Boot ::                (v3.3.4)

2024-11-03T11:33:14.508+06:00  INFO 9062 --- [Event_Sync] [           main] c.C.E.EventSyncApplicationTests          : Starting EventSyncApplicationTests using Java 21.0.4 with PID 9062 (started by rakib in /home/rakib/Downloads/rakib/SDP_2/Event_Sync)
2024-11-03T11:33:14.510+06:00  INFO 9062 --- [Event_Sync] [           main] c.C.E.EventSyncApplicationTests          : No active profile set, falling back to 1 default profile: "default"
2024-11-03T11:33:15.442+06:00  INFO 9062 --- [Event_Sync] [           main] .s.d.r.c.RepositoryConfigurationDelegate : Bootstrapping Spring Data JPA repositories in DEFAULT mode.
2024-11-03T11:33:15.514+06:00  INFO 9062 --- [Event_Sync] [           main] .s.d.r.c.RepositoryConfigurationDelegate : Finished Spring Data repository scanning in 64 ms. Found 6 JPA repository interfaces.
2024-11-03T11:33:16.234+06:00  INFO 9062 --- [Event_Sync] [           main] o.f.c.internal.license.VersionPrinter    : Flyway Community Edition 9.5.1 by Redgate
2024-11-03T11:33:16.235+06:00  INFO 9062 --- [Event_Sync] [           main] o.f.c.internal.license.VersionPrinter    : See what's new here: https://flywaydb.org/documentation/learnmore/releaseNotes#9.5.1
2024-11-03T11:33:16.235+06:00  INFO 9062 --- [Event_Sync] [           main] o.f.c.internal.license.VersionPrinter    : 
2024-11-03T11:33:16.237+06:00 DEBUG 9062 --- [Event_Sync] [           main] o.f.core.internal.util.FeatureDetector   : AWS SDK available: false
2024-11-03T11:33:16.237+06:00 DEBUG 9062 --- [Event_Sync] [           main] o.f.core.internal.util.FeatureDetector   : Google Cloud Storage available: false
2024-11-03T11:33:16.237+06:00 DEBUG 9062 --- [Event_Sync] [           main] o.f.c.i.s.classpath.ClassPathScanner     : Scanning for classpath resources at 'classpath:db/callback' ...
2024-11-03T11:33:16.237+06:00 DEBUG 9062 --- [Event_Sync] [           main] o.f.c.i.s.classpath.ClassPathScanner     : Determining location urls for classpath:db/callback using ClassLoader jdk.internal.loader.ClassLoaders$AppClassLoader@4f2410ac ...
2024-11-03T11:33:16.238+06:00 DEBUG 9062 --- [Event_Sync] [           main] o.f.c.i.s.classpath.ClassPathScanner     : Unable to resolve location classpath:db/callback.
2024-11-03T11:33:16.238+06:00 DEBUG 9062 --- [Event_Sync] [           main] o.f.c.i.s.classpath.ClassPathScanner     : Scanning for classpath resources at 'classpath:db/migration' ...
2024-11-03T11:33:16.238+06:00 DEBUG 9062 --- [Event_Sync] [           main] o.f.c.i.s.classpath.ClassPathScanner     : Determining location urls for classpath:db/migration using ClassLoader jdk.internal.loader.ClassLoaders$AppClassLoader@4f2410ac ...
2024-11-03T11:33:16.238+06:00 DEBUG 9062 --- [Event_Sync] [           main] o.f.c.i.s.classpath.ClassPathScanner     : Scanning URL: file:/home/rakib/Downloads/rakib/SDP_2/Event_Sync/target/classes/db/migration
2024-11-03T11:33:16.238+06:00 DEBUG 9062 --- [Event_Sync] [           main] o.f.core.internal.util.FeatureDetector   : JBoss VFS v2 available: false
2024-11-03T11:33:16.239+06:00 DEBUG 9062 --- [Event_Sync] [           main] i.s.c.FileSystemClassPathLocationScanner : Scanning starting at classpath root in filesystem: /home/rakib/Downloads/rakib/SDP_2/Event_Sync/target/classes/
2024-11-03T11:33:16.240+06:00 DEBUG 9062 --- [Event_Sync] [           main] i.s.c.FileSystemClassPathLocationScanner : Scanning for resources in path: /home/rakib/Downloads/rakib/SDP_2/Event_Sync/target/classes/db/migration (db/migration)
2024-11-03T11:33:16.241+06:00 DEBUG 9062 --- [Event_Sync] [           main] o.f.c.i.s.classpath.ClassPathScanner     : Found resource: db/migration/V1.0.1__Create_Table_User.sql
2024-11-03T11:33:16.241+06:00 DEBUG 9062 --- [Event_Sync] [           main] o.f.c.i.s.classpath.ClassPathScanner     : Found resource: db/migration/V1.0.2__Create_Table_MenuItem.sql
2024-11-03T11:33:16.241+06:00 DEBUG 9062 --- [Event_Sync] [           main] o.f.c.i.s.classpath.ClassPathScanner     : Found resource: db/migration/V1.0.3__Create_Table_Order.sql
2024-11-03T11:33:16.241+06:00 DEBUG 9062 --- [Event_Sync] [           main] o.f.c.i.s.classpath.ClassPathScanner     : Found resource: db/migration/V1.0.4__Create_Table_DefaultWeekDays.sql
2024-11-03T11:33:16.241+06:00 DEBUG 9062 --- [Event_Sync] [           main] o.f.c.i.s.classpath.ClassPathScanner     : Found resource: db/migration/V1.0.6__Insert_Table_Order.sql
2024-11-03T11:33:16.242+06:00 DEBUG 9062 --- [Event_Sync] [           main] o.f.c.i.s.classpath.ClassPathScanner     : Scanning for classes at classpath:db/migration
2024-11-03T11:33:16.244+06:00 DEBUG 9062 --- [Event_Sync] [           main] o.f.c.i.resource.ResourceNameValidator   : Validating V1.0.4__Create_Table_DefaultWeekDays.sql
2024-11-03T11:33:16.245+06:00 DEBUG 9062 --- [Event_Sync] [           main] o.f.c.i.resource.ResourceNameValidator   : Validating V1.0.3__Create_Table_Order.sql
2024-11-03T11:33:16.245+06:00 DEBUG 9062 --- [Event_Sync] [           main] o.f.c.i.resource.ResourceNameValidator   : Validating V1.0.2__Create_Table_MenuItem.sql
2024-11-03T11:33:16.246+06:00 DEBUG 9062 --- [Event_Sync] [           main] o.f.c.i.resource.ResourceNameValidator   : Validating V1.0.6__Insert_Table_Order.sql
2024-11-03T11:33:16.246+06:00 DEBUG 9062 --- [Event_Sync] [           main] o.f.c.i.resource.ResourceNameValidator   : Validating V1.0.1__Create_Table_User.sql
2024-11-03T11:33:16.248+06:00  INFO 9062 --- [Event_Sync] [           main] com.zaxxer.hikari.HikariDataSource       : HikariPool-1 - Starting...
2024-11-03T11:33:16.668+06:00  INFO 9062 --- [Event_Sync] [           main] com.zaxxer.hikari.pool.HikariPool        : HikariPool-1 - Added connection org.postgresql.jdbc.PgConnection@5ce3409b
2024-11-03T11:33:16.670+06:00  INFO 9062 --- [Event_Sync] [           main] com.zaxxer.hikari.HikariDataSource       : HikariPool-1 - Start completed.
2024-11-03T11:33:16.691+06:00  INFO 9062 --- [Event_Sync] [           main] o.f.c.i.database.base.BaseDatabaseType   : Database: jdbc:postgresql://localhost:5432/postgres (PostgreSQL 14.13)
2024-11-03T11:33:16.691+06:00 DEBUG 9062 --- [Event_Sync] [           main] o.f.c.i.database.base.BaseDatabaseType   : Driver  : PostgreSQL JDBC Driver 42.7.4
2024-11-03T11:33:16.693+06:00 DEBUG 9062 --- [Event_Sync] [           main] org.flywaydb.core.FlywayExecutor         : DDL Transactions Supported: true
2024-11-03T11:33:16.694+06:00 DEBUG 9062 --- [Event_Sync] [           main] o.f.c.i.s.SchemaHistoryFactory           : Schemas: 
2024-11-03T11:33:16.694+06:00 DEBUG 9062 --- [Event_Sync] [           main] o.f.c.i.s.SchemaHistoryFactory           : Default schema: null
2024-11-03T11:33:16.702+06:00 DEBUG 9062 --- [Event_Sync] [           main] o.f.c.i.c.SqlScriptCallbackFactory       : Scanning for SQL callbacks ...
2024-11-03T11:33:16.721+06:00 DEBUG 9062 --- [Event_Sync] [           main] o.f.core.internal.command.DbValidate     : Validating migrations ...
2024-11-03T11:33:16.733+06:00 DEBUG 9062 --- [Event_Sync] [           main] o.f.core.internal.scanner.Scanner        : Filtering out resource: db/migration/V1.0.4__Create_Table_DefaultWeekDays.sql (filename: V1.0.4__Create_Table_DefaultWeekDays.sql)
2024-11-03T11:33:16.733+06:00 DEBUG 9062 --- [Event_Sync] [           main] o.f.core.internal.scanner.Scanner        : Filtering out resource: db/migration/V1.0.3__Create_Table_Order.sql (filename: V1.0.3__Create_Table_Order.sql)
2024-11-03T11:33:16.734+06:00 DEBUG 9062 --- [Event_Sync] [           main] o.f.core.internal.scanner.Scanner        : Filtering out resource: db/migration/V1.0.2__Create_Table_MenuItem.sql (filename: V1.0.2__Create_Table_MenuItem.sql)
2024-11-03T11:33:16.734+06:00 DEBUG 9062 --- [Event_Sync] [           main] o.f.core.internal.scanner.Scanner        : Filtering out resource: db/migration/V1.0.6__Insert_Table_Order.sql (filename: V1.0.6__Insert_Table_Order.sql)
2024-11-03T11:33:16.734+06:00 DEBUG 9062 --- [Event_Sync] [           main] o.f.core.internal.scanner.Scanner        : Filtering out resource: db/migration/V1.0.1__Create_Table_User.sql (filename: V1.0.1__Create_Table_User.sql)
2024-11-03T11:33:16.754+06:00  INFO 9062 --- [Event_Sync] [           main] o.f.core.internal.command.DbValidate     : Successfully validated 5 migrations (execution time 00:00.032s)
2024-11-03T11:33:16.758+06:00 DEBUG 9062 --- [Event_Sync] [           main] o.f.core.internal.command.DbSchemas      : Skipping creation of existing schema: "public"
2024-11-03T11:33:16.820+06:00  INFO 9062 --- [Event_Sync] [           main] o.f.core.internal.command.DbMigrate      : Current version of schema "public": 1.0.6
2024-11-03T11:33:16.821+06:00  INFO 9062 --- [Event_Sync] [           main] o.f.core.internal.command.DbMigrate      : Schema "public" is up to date. No migration necessary.
2024-11-03T11:33:16.830+06:00 DEBUG 9062 --- [Event_Sync] [           main] org.flywaydb.core.FlywayExecutor         : Memory usage: 35 of 78M
2024-11-03T11:33:16.962+06:00  INFO 9062 --- [Event_Sync] [           main] o.hibernate.jpa.internal.util.LogHelper  : HHH000204: Processing PersistenceUnitInfo [name: default]
2024-11-03T11:33:17.064+06:00  INFO 9062 --- [Event_Sync] [           main] org.hibernate.Version                    : HHH000412: Hibernate ORM core version 6.5.2.Final
2024-11-03T11:33:17.112+06:00  INFO 9062 --- [Event_Sync] [           main] o.h.c.internal.RegionFactoryInitiator    : HHH000026: Second-level cache disabled
2024-11-03T11:33:17.205+06:00 DEBUG 9062 --- [Event_Sync] [           main] org.hibernate.type.BasicTypeRegistry     : Adding type registration boolean -> org.hibernate.type.BasicTypeReference@26c59348
2024-11-03T11:33:17.205+06:00 DEBUG 9062 --- [Event_Sync] [           main] org.hibernate.type.BasicTypeRegistry     : Adding type registration boolean -> org.hibernate.type.BasicTypeReference@26c59348
2024-11-03T11:33:17.206+06:00 DEBUG 9062 --- [Event_Sync] [           main] org.hibernate.type.BasicTypeRegistry     : Adding type registration java.lang.Boolean -> org.hibernate.type.BasicTypeReference@26c59348
2024-11-03T11:33:17.206+06:00 DEBUG 9062 --- [Event_Sync] [           main] org.hibernate.type.BasicTypeRegistry     : Adding type registration numeric_boolean -> org.hibernate.type.BasicTypeReference@1de12397
2024-11-03T11:33:17.206+06:00 DEBUG 9062 --- [Event_Sync] [           main] org.hibernate.type.BasicTypeRegistry     : Adding type registration org.hibernate.type.NumericBooleanConverter -> org.hibernate.type.BasicTypeReference@1de12397
2024-11-03T11:33:17.206+06:00 DEBUG 9062 --- [Event_Sync] [           main] org.hibernate.type.BasicTypeRegistry     : Adding type registration true_false -> org.hibernate.type.BasicTypeReference@2f5f5bc9
2024-11-03T11:33:17.206+06:00 DEBUG 9062 --- [Event_Sync] [           main] org.hibernate.type.BasicTypeRegistry     : Adding type registration org.hibernate.type.TrueFalseConverter -> org.hibernate.type.BasicTypeReference@2f5f5bc9
2024-11-03T11:33:17.206+06:00 DEBUG 9062 --- [Event_Sync] [           main] org.hibernate.type.BasicTypeRegistry     : Adding type registration yes_no -> org.hibernate.type.BasicTypeReference@4aeaff64
2024-11-03T11:33:17.207+06:00 DEBUG 9062 --- [Event_Sync] [           main] org.hibernate.type.BasicTypeRegistry     : Adding type registration org.hibernate.type.YesNoConverter -> org.hibernate.type.BasicTypeReference@4aeaff64
2024-11-03T11:33:17.207+06:00 DEBUG 9062 --- [Event_Sync] [           main] org.hibernate.type.BasicTypeRegistry     : Adding type registration byte -> org.hibernate.type.BasicTypeReference@403f7aa2
2024-11-03T11:33:17.207+06:00 DEBUG 9062 --- [Event_Sync] [           main] org.hibernate.type.BasicTypeRegistry     : Adding type registration byte -> org.hibernate.type.BasicTypeReference@403f7aa2
2024-11-03T11:33:17.207+06:00 DEBUG 9062 --- [Event_Sync] [           main] org.hibernate.type.BasicTypeRegistry     : Adding type registration java.lang.Byte -> org.hibernate.type.BasicTypeReference@403f7aa2
2024-11-03T11:33:17.207+06:00 DEBUG 9062 --- [Event_Sync] [           main] org.hibernate.type.BasicTypeRegistry     : Adding type registration binary -> org.hibernate.type.BasicTypeReference@545604a9
2024-11-03T11:33:17.207+06:00 DEBUG 9062 --- [Event_Sync] [           main] org.hibernate.type.BasicTypeRegistry     : Adding type registration byte[] -> org.hibernate.type.BasicTypeReference@545604a9
2024-11-03T11:33:17.208+06:00 DEBUG 9062 --- [Event_Sync] [           main] org.hibernate.type.BasicTypeRegistry     : Adding type registration [B -> org.hibernate.type.BasicTypeReference@545604a9
2024-11-03T11:33:17.208+06:00 DEBUG 9062 --- [Event_Sync] [           main] org.hibernate.type.BasicTypeRegistry     : Adding type registration binary_wrapper -> org.hibernate.type.BasicTypeReference@1029cf9
2024-11-03T11:33:17.208+06:00 DEBUG 9062 --- [Event_Sync] [           main] org.hibernate.type.BasicTypeRegistry     : Adding type registration wrapper-binary -> org.hibernate.type.BasicTypeReference@1029cf9
2024-11-03T11:33:17.208+06:00 DEBUG 9062 --- [Event_Sync] [           main] org.hibernate.type.BasicTypeRegistry     : Adding type registration image -> org.hibernate.type.BasicTypeReference@1c0e4262
2024-11-03T11:33:17.208+06:00 DEBUG 9062 --- [Event_Sync] [           main] org.hibernate.type.BasicTypeRegistry     : Adding type registration blob -> org.hibernate.type.BasicTypeReference@27dfd12b
2024-11-03T11:33:17.208+06:00 DEBUG 9062 --- [Event_Sync] [           main] org.hibernate.type.BasicTypeRegistry     : Adding type registration java.sql.Blob -> org.hibernate.type.BasicTypeReference@27dfd12b
2024-11-03T11:33:17.209+06:00 DEBUG 9062 --- [Event_Sync] [           main] org.hibernate.type.BasicTypeRegistry     : Adding type registration materialized_blob -> org.hibernate.type.BasicTypeReference@4348fa35
2024-11-03T11:33:17.209+06:00 DEBUG 9062 --- [Event_Sync] [           main] org.hibernate.type.BasicTypeRegistry     : Adding type registration materialized_blob_wrapper -> org.hibernate.type.BasicTypeReference@563843f1
2024-11-03T11:33:17.209+06:00 DEBUG 9062 --- [Event_Sync] [           main] org.hibernate.type.BasicTypeRegistry     : Adding type registration short -> org.hibernate.type.BasicTypeReference@38cb1606
2024-11-03T11:33:17.209+06:00 DEBUG 9062 --- [Event_Sync] [           main] org.hibernate.type.BasicTypeRegistry     : Adding type registration short -> org.hibernate.type.BasicTypeReference@38cb1606
2024-11-03T11:33:17.209+06:00 DEBUG 9062 --- [Event_Sync] [           main] org.hibernate.type.BasicTypeRegistry     : Adding type registration java.lang.Short -> org.hibernate.type.BasicTypeReference@38cb1606
2024-11-03T11:33:17.209+06:00 DEBUG 9062 --- [Event_Sync] [           main] org.hibernate.type.BasicTypeRegistry     : Adding type registration integer -> org.hibernate.type.BasicTypeReference@61c4cebd
2024-11-03T11:33:17.209+06:00 DEBUG 9062 --- [Event_Sync] [           main] org.hibernate.type.BasicTypeRegistry     : Adding type registration int -> org.hibernate.type.BasicTypeReference@61c4cebd
2024-11-03T11:33:17.209+06:00 DEBUG 9062 --- [Event_Sync] [           main] org.hibernate.type.BasicTypeRegistry     : Adding type registration java.lang.Integer -> org.hibernate.type.BasicTypeReference@61c4cebd
2024-11-03T11:33:17.210+06:00 DEBUG 9062 --- [Event_Sync] [           main] org.hibernate.type.BasicTypeRegistry     : Adding type registration long -> org.hibernate.type.BasicTypeReference@655909e2
2024-11-03T11:33:17.210+06:00 DEBUG 9062 --- [Event_Sync] [           main] org.hibernate.type.BasicTypeRegistry     : Adding type registration long -> org.hibernate.type.BasicTypeReference@655909e2
2024-11-03T11:33:17.210+06:00 DEBUG 9062 --- [Event_Sync] [           main] org.hibernate.type.BasicTypeRegistry     : Adding type registration java.lang.Long -> org.hibernate.type.BasicTypeReference@655909e2
2024-11-03T11:33:17.210+06:00 DEBUG 9062 --- [Event_Sync] [           main] org.hibernate.type.BasicTypeRegistry     : Adding type registration float -> org.hibernate.type.BasicTypeReference@716ae973
2024-11-03T11:33:17.210+06:00 DEBUG 9062 --- [Event_Sync] [           main] org.hibernate.type.BasicTypeRegistry     : Adding type registration float -> org.hibernate.type.BasicTypeReference@716ae973
2024-11-03T11:33:17.210+06:00 DEBUG 9062 --- [Event_Sync] [           main] org.hibernate.type.BasicTypeRegistry     : Adding type registration java.lang.Float -> org.hibernate.type.BasicTypeReference@716ae973
2024-11-03T11:33:17.210+06:00 DEBUG 9062 --- [Event_Sync] [           main] org.hibernate.type.BasicTypeRegistry     : Adding type registration double -> org.hibernate.type.BasicTypeReference@1171ba7e
2024-11-03T11:33:17.211+06:00 DEBUG 9062 --- [Event_Sync] [           main] org.hibernate.type.BasicTypeRegistry     : Adding type registration double -> org.hibernate.type.BasicTypeReference@1171ba7e
2024-11-03T11:33:17.211+06:00 DEBUG 9062 --- [Event_Sync] [           main] org.hibernate.type.BasicTypeRegistry     : Adding type registration java.lang.Double -> org.hibernate.type.BasicTypeReference@1171ba7e
2024-11-03T11:33:17.211+06:00 DEBUG 9062 --- [Event_Sync] [           main] org.hibernate.type.BasicTypeRegistry     : Adding type registration big_integer -> org.hibernate.type.BasicTypeReference@56872fcb
2024-11-03T11:33:17.211+06:00 DEBUG 9062 --- [Event_Sync] [           main] org.hibernate.type.BasicTypeRegistry     : Adding type registration java.math.BigInteger -> org.hibernate.type.BasicTypeReference@56872fcb
2024-11-03T11:33:17.211+06:00 DEBUG 9062 --- [Event_Sync] [           main] org.hibernate.type.BasicTypeRegistry     : Adding type registration big_decimal -> org.hibernate.type.BasicTypeReference@7b3c2ae0
2024-11-03T11:33:17.211+06:00 DEBUG 9062 --- [Event_Sync] [           main] org.hibernate.type.BasicTypeRegistry     : Adding type registration java.math.BigDecimal -> org.hibernate.type.BasicTypeReference@7b3c2ae0
2024-11-03T11:33:17.211+06:00 DEBUG 9062 --- [Event_Sync] [           main] org.hibernate.type.BasicTypeRegistry     : Adding type registration character -> org.hibernate.type.BasicTypeReference@5d3b6585
2024-11-03T11:33:17.212+06:00 DEBUG 9062 --- [Event_Sync] [           main] org.hibernate.type.BasicTypeRegistry     : Adding type registration char -> org.hibernate.type.BasicTypeReference@5d3b6585
2024-11-03T11:33:17.212+06:00 DEBUG 9062 --- [Event_Sync] [           main] org.hibernate.type.BasicTypeRegistry     : Adding type registration java.lang.Character -> org.hibernate.type.BasicTypeReference@5d3b6585
2024-11-03T11:33:17.212+06:00 DEBUG 9062 --- [Event_Sync] [           main] org.hibernate.type.BasicTypeRegistry     : Adding type registration character_nchar -> org.hibernate.type.BasicTypeReference@41059616
2024-11-03T11:33:17.212+06:00 DEBUG 9062 --- [Event_Sync] [           main] org.hibernate.type.BasicTypeRegistry     : Adding type registration string -> org.hibernate.type.BasicTypeReference@2e93108a
2024-11-03T11:33:17.212+06:00 DEBUG 9062 --- [Event_Sync] [           main] org.hibernate.type.BasicTypeRegistry     : Adding type registration java.lang.String -> org.hibernate.type.BasicTypeReference@2e93108a
2024-11-03T11:33:17.212+06:00 DEBUG 9062 --- [Event_Sync] [           main] org.hibernate.type.BasicTypeRegistry     : Adding type registration nstring -> org.hibernate.type.BasicTypeReference@34e25492
2024-11-03T11:33:17.212+06:00 DEBUG 9062 --- [Event_Sync] [           main] org.hibernate.type.BasicTypeRegistry     : Adding type registration characters -> org.hibernate.type.BasicTypeReference@32f308c6
2024-11-03T11:33:17.213+06:00 DEBUG 9062 --- [Event_Sync] [           main] org.hibernate.type.BasicTypeRegistry     : Adding type registration char[] -> org.hibernate.type.BasicTypeReference@32f308c6
2024-11-03T11:33:17.213+06:00 DEBUG 9062 --- [Event_Sync] [           main] org.hibernate.type.BasicTypeRegistry     : Adding type registration [C -> org.hibernate.type.BasicTypeReference@32f308c6
2024-11-03T11:33:17.213+06:00 DEBUG 9062 --- [Event_Sync] [           main] org.hibernate.type.BasicTypeRegistry     : Adding type registration wrapper-characters -> org.hibernate.type.BasicTypeReference@5f2b9da8
2024-11-03T11:33:17.213+06:00 DEBUG 9062 --- [Event_Sync] [           main] org.hibernate.type.BasicTypeRegistry     : Adding type registration text -> org.hibernate.type.BasicTypeReference@698ac187
2024-11-03T11:33:17.213+06:00 DEBUG 9062 --- [Event_Sync] [           main] org.hibernate.type.BasicTypeRegistry     : Adding type registration ntext -> org.hibernate.type.BasicTypeReference@4fea5ee0
2024-11-03T11:33:17.213+06:00 DEBUG 9062 --- [Event_Sync] [           main] org.hibernate.type.BasicTypeRegistry     : Adding type registration clob -> org.hibernate.type.BasicTypeReference@65f5cae3
2024-11-03T11:33:17.213+06:00 DEBUG 9062 --- [Event_Sync] [           main] org.hibernate.type.BasicTypeRegistry     : Adding type registration java.sql.Clob -> org.hibernate.type.BasicTypeReference@65f5cae3
2024-11-03T11:33:17.213+06:00 DEBUG 9062 --- [Event_Sync] [           main] org.hibernate.type.BasicTypeRegistry     : Adding type registration nclob -> org.hibernate.type.BasicTypeReference@6630dd28
2024-11-03T11:33:17.214+06:00 DEBUG 9062 --- [Event_Sync] [           main] org.hibernate.type.BasicTypeRegistry     : Adding type registration java.sql.NClob -> org.hibernate.type.BasicTypeReference@6630dd28
2024-11-03T11:33:17.214+06:00 DEBUG 9062 --- [Event_Sync] [           main] org.hibernate.type.BasicTypeRegistry     : Adding type registration materialized_clob -> org.hibernate.type.BasicTypeReference@5909ae90
2024-11-03T11:33:17.214+06:00 DEBUG 9062 --- [Event_Sync] [           main] org.hibernate.type.BasicTypeRegistry     : Adding type registration materialized_clob_char_array -> org.hibernate.type.BasicTypeReference@4489f60f
2024-11-03T11:33:17.214+06:00 DEBUG 9062 --- [Event_Sync] [           main] org.hibernate.type.BasicTypeRegistry     : Adding type registration materialized_clob_character_array -> org.hibernate.type.BasicTypeReference@fe08eaf
2024-11-03T11:33:17.214+06:00 DEBUG 9062 --- [Event_Sync] [           main] org.hibernate.type.BasicTypeRegistry     : Adding type registration materialized_nclob -> org.hibernate.type.BasicTypeReference@6fd9dbe6
2024-11-03T11:33:17.214+06:00 DEBUG 9062 --- [Event_Sync] [           main] org.hibernate.type.BasicTypeRegistry     : Adding type registration materialized_nclob_character_array -> org.hibernate.type.BasicTypeReference@7b3085a3
2024-11-03T11:33:17.214+06:00 DEBUG 9062 --- [Event_Sync] [           main] org.hibernate.type.BasicTypeRegistry     : Adding type registration materialized_nclob_char_array -> org.hibernate.type.BasicTypeReference@70022d44
2024-11-03T11:33:17.214+06:00 DEBUG 9062 --- [Event_Sync] [           main] org.hibernate.type.BasicTypeRegistry     : Adding type registration Duration -> org.hibernate.type.BasicTypeReference@7b1c501d
2024-11-03T11:33:17.214+06:00 DEBUG 9062 --- [Event_Sync] [           main] org.hibernate.type.BasicTypeRegistry     : Adding type registration java.time.Duration -> org.hibernate.type.BasicTypeReference@7b1c501d
2024-11-03T11:33:17.215+06:00 DEBUG 9062 --- [Event_Sync] [           main] org.hibernate.type.BasicTypeRegistry     : Adding type registration LocalDateTime -> org.hibernate.type.BasicTypeReference@5abbb273
2024-11-03T11:33:17.215+06:00 DEBUG 9062 --- [Event_Sync] [           main] org.hibernate.type.BasicTypeRegistry     : Adding type registration java.time.LocalDateTime -> org.hibernate.type.BasicTypeReference@5abbb273
2024-11-03T11:33:17.215+06:00 DEBUG 9062 --- [Event_Sync] [           main] org.hibernate.type.BasicTypeRegistry     : Adding type registration LocalDate -> org.hibernate.type.BasicTypeReference@25d9291a
2024-11-03T11:33:17.215+06:00 DEBUG 9062 --- [Event_Sync] [           main] org.hibernate.type.BasicTypeRegistry     : Adding type registration java.time.LocalDate -> org.hibernate.type.BasicTypeReference@25d9291a
2024-11-03T11:33:17.215+06:00 DEBUG 9062 --- [Event_Sync] [           main] org.hibernate.type.BasicTypeRegistry     : Adding type registration LocalTime -> org.hibernate.type.BasicTypeReference@445058e8
2024-11-03T11:33:17.215+06:00 DEBUG 9062 --- [Event_Sync] [           main] org.hibernate.type.BasicTypeRegistry     : Adding type registration java.time.LocalTime -> org.hibernate.type.BasicTypeReference@445058e8
2024-11-03T11:33:17.215+06:00 DEBUG 9062 --- [Event_Sync] [           main] org.hibernate.type.BasicTypeRegistry     : Adding type registration OffsetDateTime -> org.hibernate.type.BasicTypeReference@5d5574c7
2024-11-03T11:33:17.215+06:00 DEBUG 9062 --- [Event_Sync] [           main] org.hibernate.type.BasicTypeRegistry     : Adding type registration java.time.OffsetDateTime -> org.hibernate.type.BasicTypeReference@5d5574c7
2024-11-03T11:33:17.216+06:00 DEBUG 9062 --- [Event_Sync] [           main] org.hibernate.type.BasicTypeRegistry     : Adding type registration OffsetDateTimeWithTimezone -> org.hibernate.type.BasicTypeReference@5a7a6d34
2024-11-03T11:33:17.216+06:00 DEBUG 9062 --- [Event_Sync] [           main] org.hibernate.type.BasicTypeRegistry     : Adding type registration OffsetDateTimeWithoutTimezone -> org.hibernate.type.BasicTypeReference@36871e98
2024-11-03T11:33:17.216+06:00 DEBUG 9062 --- [Event_Sync] [           main] org.hibernate.type.BasicTypeRegistry     : Adding type registration OffsetTime -> org.hibernate.type.BasicTypeReference@70d687b8
2024-11-03T11:33:17.216+06:00 DEBUG 9062 --- [Event_Sync] [           main] org.hibernate.type.BasicTypeRegistry     : Adding type registration java.time.OffsetTime -> org.hibernate.type.BasicTypeReference@70d687b8
2024-11-03T11:33:17.216+06:00 DEBUG 9062 --- [Event_Sync] [           main] org.hibernate.type.BasicTypeRegistry     : Adding type registration OffsetTimeUtc -> org.hibernate.type.BasicTypeReference@6533629
2024-11-03T11:33:17.216+06:00 DEBUG 9062 --- [Event_Sync] [           main] org.hibernate.type.BasicTypeRegistry     : Adding type registration OffsetTimeWithTimezone -> org.hibernate.type.BasicTypeReference@f49e81a
2024-11-03T11:33:17.216+06:00 DEBUG 9062 --- [Event_Sync] [           main] org.hibernate.type.BasicTypeRegistry     : Adding type registration OffsetTimeWithoutTimezone -> org.hibernate.type.BasicTypeReference@1b444b5
2024-11-03T11:33:17.216+06:00 DEBUG 9062 --- [Event_Sync] [           main] org.hibernate.type.BasicTypeRegistry     : Adding type registration ZonedDateTime -> org.hibernate.type.BasicTypeReference@459bf87c
2024-11-03T11:33:17.216+06:00 DEBUG 9062 --- [Event_Sync] [           main] org.hibernate.type.BasicTypeRegistry     : Adding type registration java.time.ZonedDateTime -> org.hibernate.type.BasicTypeReference@459bf87c
2024-11-03T11:33:17.217+06:00 DEBUG 9062 --- [Event_Sync] [           main] org.hibernate.type.BasicTypeRegistry     : Adding type registration ZonedDateTimeWithTimezone -> org.hibernate.type.BasicTypeReference@5ae66c98
2024-11-03T11:33:17.217+06:00 DEBUG 9062 --- [Event_Sync] [           main] org.hibernate.type.BasicTypeRegistry     : Adding type registration ZonedDateTimeWithoutTimezone -> org.hibernate.type.BasicTypeReference@1aaf46e6
2024-11-03T11:33:17.217+06:00 DEBUG 9062 --- [Event_Sync] [           main] org.hibernate.type.BasicTypeRegistry     : Adding type registration date -> org.hibernate.type.BasicTypeReference@391d28ea
2024-11-03T11:33:17.217+06:00 DEBUG 9062 --- [Event_Sync] [           main] org.hibernate.type.BasicTypeRegistry     : Adding type registration java.sql.Date -> org.hibernate.type.BasicTypeReference@391d28ea
2024-11-03T11:33:17.217+06:00 DEBUG 9062 --- [Event_Sync] [           main] org.hibernate.type.BasicTypeRegistry     : Adding type registration time -> org.hibernate.type.BasicTypeReference@23df7fad
2024-11-03T11:33:17.217+06:00 DEBUG 9062 --- [Event_Sync] [           main] org.hibernate.type.BasicTypeRegistry     : Adding type registration java.sql.Time -> org.hibernate.type.BasicTypeReference@23df7fad
2024-11-03T11:33:17.217+06:00 DEBUG 9062 --- [Event_Sync] [           main] org.hibernate.type.BasicTypeRegistry     : Adding type registration timestamp -> org.hibernate.type.BasicTypeReference@4ab455e2
2024-11-03T11:33:17.217+06:00 DEBUG 9062 --- [Event_Sync] [           main] org.hibernate.type.BasicTypeRegistry     : Adding type registration java.sql.Timestamp -> org.hibernate.type.BasicTypeReference@4ab455e2
2024-11-03T11:33:17.217+06:00 DEBUG 9062 --- [Event_Sync] [           main] org.hibernate.type.BasicTypeRegistry     : Adding type registration java.util.Date -> org.hibernate.type.BasicTypeReference@4ab455e2
2024-11-03T11:33:17.218+06:00 DEBUG 9062 --- [Event_Sync] [           main] org.hibernate.type.BasicTypeRegistry     : Adding type registration calendar -> org.hibernate.type.BasicTypeReference@2acca224
2024-11-03T11:33:17.218+06:00 DEBUG 9062 --- [Event_Sync] [           main] org.hibernate.type.BasicTypeRegistry     : Adding type registration java.util.Calendar -> org.hibernate.type.BasicTypeReference@2acca224
2024-11-03T11:33:17.218+06:00 DEBUG 9062 --- [Event_Sync] [           main] org.hibernate.type.BasicTypeRegistry     : Adding type registration java.util.GregorianCalendar -> org.hibernate.type.BasicTypeReference@2acca224
2024-11-03T11:33:17.218+06:00 DEBUG 9062 --- [Event_Sync] [           main] org.hibernate.type.BasicTypeRegistry     : Adding type registration calendar_date -> org.hibernate.type.BasicTypeReference@7ac685ef
2024-11-03T11:33:17.218+06:00 DEBUG 9062 --- [Event_Sync] [           main] org.hibernate.type.BasicTypeRegistry     : Adding type registration calendar_time -> org.hibernate.type.BasicTypeReference@223cbf0d
2024-11-03T11:33:17.218+06:00 DEBUG 9062 --- [Event_Sync] [           main] org.hibernate.type.BasicTypeRegistry     : Adding type registration instant -> org.hibernate.type.BasicTypeReference@4a4ff5ed
2024-11-03T11:33:17.218+06:00 DEBUG 9062 --- [Event_Sync] [           main] org.hibernate.type.BasicTypeRegistry     : Adding type registration java.time.Instant -> org.hibernate.type.BasicTypeReference@4a4ff5ed
2024-11-03T11:33:17.218+06:00 DEBUG 9062 --- [Event_Sync] [           main] org.hibernate.type.BasicTypeRegistry     : Adding type registration uuid -> org.hibernate.type.BasicTypeReference@5ddb302
2024-11-03T11:33:17.218+06:00 DEBUG 9062 --- [Event_Sync] [           main] org.hibernate.type.BasicTypeRegistry     : Adding type registration java.util.UUID -> org.hibernate.type.BasicTypeReference@5ddb302
2024-11-03T11:33:17.218+06:00 DEBUG 9062 --- [Event_Sync] [           main] org.hibernate.type.BasicTypeRegistry     : Adding type registration pg-uuid -> org.hibernate.type.BasicTypeReference@5ddb302
2024-11-03T11:33:17.219+06:00 DEBUG 9062 --- [Event_Sync] [           main] org.hibernate.type.BasicTypeRegistry     : Adding type registration uuid-binary -> org.hibernate.type.BasicTypeReference@4b7ab7ab
2024-11-03T11:33:17.219+06:00 DEBUG 9062 --- [Event_Sync] [           main] org.hibernate.type.BasicTypeRegistry     : Adding type registration uuid-char -> org.hibernate.type.BasicTypeReference@cf9bd1e
2024-11-03T11:33:17.219+06:00 DEBUG 9062 --- [Event_Sync] [           main] org.hibernate.type.BasicTypeRegistry     : Adding type registration class -> org.hibernate.type.BasicTypeReference@39acd1f1
2024-11-03T11:33:17.219+06:00 DEBUG 9062 --- [Event_Sync] [           main] org.hibernate.type.BasicTypeRegistry     : Adding type registration java.lang.Class -> org.hibernate.type.BasicTypeReference@39acd1f1
2024-11-03T11:33:17.219+06:00 DEBUG 9062 --- [Event_Sync] [           main] org.hibernate.type.BasicTypeRegistry     : Adding type registration currency -> org.hibernate.type.BasicTypeReference@51813065
2024-11-03T11:33:17.219+06:00 DEBUG 9062 --- [Event_Sync] [           main] org.hibernate.type.BasicTypeRegistry     : Adding type registration Currency -> org.hibernate.type.BasicTypeReference@51813065
2024-11-03T11:33:17.219+06:00 DEBUG 9062 --- [Event_Sync] [           main] org.hibernate.type.BasicTypeRegistry     : Adding type registration java.util.Currency -> org.hibernate.type.BasicTypeReference@51813065
2024-11-03T11:33:17.219+06:00 DEBUG 9062 --- [Event_Sync] [           main] org.hibernate.type.BasicTypeRegistry     : Adding type registration locale -> org.hibernate.type.BasicTypeReference@4f581211
2024-11-03T11:33:17.219+06:00 DEBUG 9062 --- [Event_Sync] [           main] org.hibernate.type.BasicTypeRegistry     : Adding type registration java.util.Locale -> org.hibernate.type.BasicTypeReference@4f581211
2024-11-03T11:33:17.220+06:00 DEBUG 9062 --- [Event_Sync] [           main] org.hibernate.type.BasicTypeRegistry     : Adding type registration serializable -> org.hibernate.type.BasicTypeReference@e0847a9
2024-11-03T11:33:17.220+06:00 DEBUG 9062 --- [Event_Sync] [           main] org.hibernate.type.BasicTypeRegistry     : Adding type registration java.io.Serializable -> org.hibernate.type.BasicTypeReference@e0847a9
2024-11-03T11:33:17.220+06:00 DEBUG 9062 --- [Event_Sync] [           main] org.hibernate.type.BasicTypeRegistry     : Adding type registration timezone -> org.hibernate.type.BasicTypeReference@51743cc0
2024-11-03T11:33:17.220+06:00 DEBUG 9062 --- [Event_Sync] [           main] org.hibernate.type.BasicTypeRegistry     : Adding type registration java.util.TimeZone -> org.hibernate.type.BasicTypeReference@51743cc0
2024-11-03T11:33:17.220+06:00 DEBUG 9062 --- [Event_Sync] [           main] org.hibernate.type.BasicTypeRegistry     : Adding type registration ZoneOffset -> org.hibernate.type.BasicTypeReference@92e2c93
2024-11-03T11:33:17.220+06:00 DEBUG 9062 --- [Event_Sync] [           main] org.hibernate.type.BasicTypeRegistry     : Adding type registration java.time.ZoneOffset -> org.hibernate.type.BasicTypeReference@92e2c93
2024-11-03T11:33:17.220+06:00 DEBUG 9062 --- [Event_Sync] [           main] org.hibernate.type.BasicTypeRegistry     : Adding type registration url -> org.hibernate.type.BasicTypeReference@6697f3d
2024-11-03T11:33:17.220+06:00 DEBUG 9062 --- [Event_Sync] [           main] org.hibernate.type.BasicTypeRegistry     : Adding type registration java.net.URL -> org.hibernate.type.BasicTypeReference@6697f3d
2024-11-03T11:33:17.220+06:00 DEBUG 9062 --- [Event_Sync] [           main] org.hibernate.type.BasicTypeRegistry     : Adding type registration vector -> org.hibernate.type.BasicTypeReference@4a105556
2024-11-03T11:33:17.221+06:00 DEBUG 9062 --- [Event_Sync] [           main] org.hibernate.type.BasicTypeRegistry     : Adding type registration row_version -> org.hibernate.type.BasicTypeReference@3a72e2e8
2024-11-03T11:33:17.226+06:00 DEBUG 9062 --- [Event_Sync] [           main] org.hibernate.type.BasicTypeRegistry     : Adding type registration object -> org.hibernate.type.JavaObjectType@3f4a605f
2024-11-03T11:33:17.226+06:00 DEBUG 9062 --- [Event_Sync] [           main] org.hibernate.type.BasicTypeRegistry     : Adding type registration java.lang.Object -> org.hibernate.type.JavaObjectType@3f4a605f
2024-11-03T11:33:17.227+06:00 DEBUG 9062 --- [Event_Sync] [           main] org.hibernate.type.BasicTypeRegistry     : Adding type registration null -> org.hibernate.type.NullType@351d93bd
2024-11-03T11:33:17.228+06:00 DEBUG 9062 --- [Event_Sync] [           main] org.hibernate.type.BasicTypeRegistry     : Adding type registration imm_date -> org.hibernate.type.BasicTypeReference@61c5fd78
2024-11-03T11:33:17.229+06:00 DEBUG 9062 --- [Event_Sync] [           main] org.hibernate.type.BasicTypeRegistry     : Adding type registration imm_time -> org.hibernate.type.BasicTypeReference@39dda56f
2024-11-03T11:33:17.229+06:00 DEBUG 9062 --- [Event_Sync] [           main] org.hibernate.type.BasicTypeRegistry     : Adding type registration imm_timestamp -> org.hibernate.type.BasicTypeReference@60844992
2024-11-03T11:33:17.229+06:00 DEBUG 9062 --- [Event_Sync] [           main] org.hibernate.type.BasicTypeRegistry     : Adding type registration imm_calendar -> org.hibernate.type.BasicTypeReference@2ee456c7
2024-11-03T11:33:17.229+06:00 DEBUG 9062 --- [Event_Sync] [           main] org.hibernate.type.BasicTypeRegistry     : Adding type registration imm_calendar_date -> org.hibernate.type.BasicTypeReference@6df37f7a
2024-11-03T11:33:17.229+06:00 DEBUG 9062 --- [Event_Sync] [           main] org.hibernate.type.BasicTypeRegistry     : Adding type registration imm_calendar_time -> org.hibernate.type.BasicTypeReference@39514976
2024-11-03T11:33:17.229+06:00 DEBUG 9062 --- [Event_Sync] [           main] org.hibernate.type.BasicTypeRegistry     : Adding type registration imm_binary -> org.hibernate.type.BasicTypeReference@7bdb4f17
2024-11-03T11:33:17.229+06:00 DEBUG 9062 --- [Event_Sync] [           main] org.hibernate.type.BasicTypeRegistry     : Adding type registration imm_serializable -> org.hibernate.type.BasicTypeReference@77856cc5
2024-11-03T11:33:17.494+06:00  INFO 9062 --- [Event_Sync] [           main] o.s.o.j.p.SpringPersistenceUnitInfo      : No LoadTimeWeaver setup: ignoring JPA class transformer
2024-11-03T11:33:17.548+06:00  WARN 9062 --- [Event_Sync] [           main] org.hibernate.orm.deprecation            : HHH90000025: PostgreSQLDialect does not need to be specified explicitly using 'hibernate.dialect' (remove the property setting and it will be selected by default)
2024-11-03T11:33:17.566+06:00 DEBUG 9062 --- [Event_Sync] [           main] o.h.t.d.sql.spi.DdlTypeRegistry          : addDescriptor(2003, org.hibernate.type.descriptor.sql.internal.ArrayDdlTypeImpl@642c5bb3) replaced previous registration(org.hibernate.type.descriptor.sql.internal.ArrayDdlTypeImpl@4e79c25)
2024-11-03T11:33:17.566+06:00 DEBUG 9062 --- [Event_Sync] [           main] o.h.t.d.sql.spi.DdlTypeRegistry          : addDescriptor(6, org.hibernate.type.descriptor.sql.internal.CapacityDependentDdlType@2ace1cd3) replaced previous registration(org.hibernate.type.descriptor.sql.internal.DdlTypeImpl@5e46a125)
2024-11-03T11:33:17.568+06:00 DEBUG 9062 --- [Event_Sync] [           main] o.h.t.d.jdbc.spi.JdbcTypeRegistry        : addDescriptor(2004, BlobTypeDescriptor(BLOB_BINDING)) replaced previous registration(BlobTypeDescriptor(DEFAULT))
2024-11-03T11:33:17.568+06:00 DEBUG 9062 --- [Event_Sync] [           main] o.h.t.d.jdbc.spi.JdbcTypeRegistry        : addDescriptor(2005, ClobTypeDescriptor(CLOB_BINDING)) replaced previous registration(ClobTypeDescriptor(DEFAULT))
2024-11-03T11:33:17.575+06:00 DEBUG 9062 --- [Event_Sync] [           main] org.hibernate.type.BasicTypeRegistry     : Adding type registration JAVA_OBJECT -> org.hibernate.type.JavaObjectType@1800c1e3
2024-11-03T11:33:17.575+06:00 DEBUG 9062 --- [Event_Sync] [           main] org.hibernate.type.BasicTypeRegistry     : Adding type registration java.lang.Object -> org.hibernate.type.JavaObjectType@1800c1e3
2024-11-03T11:33:17.575+06:00 DEBUG 9062 --- [Event_Sync] [           main] org.hibernate.type.BasicTypeRegistry     : Type registration key [java.lang.Object] overrode previous entry : `org.hibernate.type.JavaObjectType@3f4a605f`
2024-11-03T11:33:17.579+06:00 DEBUG 9062 --- [Event_Sync] [           main] org.hibernate.type.BasicTypeRegistry     : Adding type registration org.hibernate.type.DurationType -> basicType@1(java.time.Duration,3015)
2024-11-03T11:33:17.579+06:00 DEBUG 9062 --- [Event_Sync] [           main] org.hibernate.type.BasicTypeRegistry     : Adding type registration Duration -> basicType@1(java.time.Duration,3015)
2024-11-03T11:33:17.579+06:00 DEBUG 9062 --- [Event_Sync] [           main] org.hibernate.type.BasicTypeRegistry     : Adding type registration java.time.Duration -> basicType@1(java.time.Duration,3015)
2024-11-03T11:33:17.581+06:00 DEBUG 9062 --- [Event_Sync] [           main] org.hibernate.type.BasicTypeRegistry     : Adding type registration org.hibernate.type.OffsetDateTimeType -> basicType@2(java.time.OffsetDateTime,3003)
2024-11-03T11:33:17.582+06:00 DEBUG 9062 --- [Event_Sync] [           main] org.hibernate.type.BasicTypeRegistry     : Adding type registration OffsetDateTime -> basicType@2(java.time.OffsetDateTime,3003)
2024-11-03T11:33:17.582+06:00 DEBUG 9062 --- [Event_Sync] [           main] org.hibernate.type.BasicTypeRegistry     : Adding type registration java.time.OffsetDateTime -> basicType@2(java.time.OffsetDateTime,3003)
2024-11-03T11:33:17.582+06:00 DEBUG 9062 --- [Event_Sync] [           main] org.hibernate.type.BasicTypeRegistry     : Adding type registration org.hibernate.type.ZonedDateTimeType -> basicType@3(java.time.ZonedDateTime,3003)
2024-11-03T11:33:17.582+06:00 DEBUG 9062 --- [Event_Sync] [           main] org.hibernate.type.BasicTypeRegistry     : Adding type registration ZonedDateTime -> basicType@3(java.time.ZonedDateTime,3003)
2024-11-03T11:33:17.582+06:00 DEBUG 9062 --- [Event_Sync] [           main] org.hibernate.type.BasicTypeRegistry     : Adding type registration java.time.ZonedDateTime -> basicType@3(java.time.ZonedDateTime,3003)
2024-11-03T11:33:17.582+06:00 DEBUG 9062 --- [Event_Sync] [           main] org.hibernate.type.BasicTypeRegistry     : Adding type registration org.hibernate.type.OffsetTimeType -> basicType@4(java.time.OffsetTime,3007)
2024-11-03T11:33:17.583+06:00 DEBUG 9062 --- [Event_Sync] [           main] org.hibernate.type.BasicTypeRegistry     : Adding type registration OffsetTime -> basicType@4(java.time.OffsetTime,3007)
2024-11-03T11:33:17.583+06:00 DEBUG 9062 --- [Event_Sync] [           main] org.hibernate.type.BasicTypeRegistry     : Adding type registration java.time.OffsetTime -> basicType@4(java.time.OffsetTime,3007)
2024-11-03T11:33:17.583+06:00 DEBUG 9062 --- [Event_Sync] [           main] o.h.type.spi.TypeConfiguration$Scope     : Scoping TypeConfiguration [org.hibernate.type.spi.TypeConfiguration@61be6051] to MetadataBuildingContext [org.hibernate.boot.internal.MetadataBuildingContextRootImpl@13c18bba]
2024-11-03T11:33:18.420+06:00  INFO 9062 --- [Event_Sync] [           main] o.h.e.t.j.p.i.JtaPlatformInitiator       : HHH000489: No JTA platform available (set 'hibernate.transaction.jta.platform' to enable JTA platform integration)
2024-11-03T11:33:18.421+06:00 DEBUG 9062 --- [Event_Sync] [           main] o.h.type.spi.TypeConfiguration$Scope     : Scoping TypeConfiguration [org.hibernate.type.spi.TypeConfiguration@61be6051] to SessionFactoryImplementor [org.hibernate.internal.SessionFactoryImpl@60510791]
2024-11-03T11:33:18.423+06:00 TRACE 9062 --- [Event_Sync] [           main] o.h.type.spi.TypeConfiguration$Scope     : Handling #sessionFactoryCreated from [org.hibernate.internal.SessionFactoryImpl@60510791] for TypeConfiguration
2024-11-03T11:33:18.423+06:00  INFO 9062 --- [Event_Sync] [           main] j.LocalContainerEntityManagerFactoryBean : Initialized JPA EntityManagerFactory for persistence unit 'default'
2024-11-03T11:33:18.778+06:00  INFO 9062 --- [Event_Sync] [           main] o.s.d.j.r.query.QueryEnhancerFactory     : Hibernate is in classpath; If applicable, HQL parser will be used.
2024-11-03T11:33:19.623+06:00  WARN 9062 --- [Event_Sync] [           main] JpaBaseConfiguration$JpaWebConfiguration : spring.jpa.open-in-view is enabled by default. Therefore, database queries may be performed during view rendering. Explicitly configure spring.jpa.open-in-view to disable this warning
2024-11-03T11:33:20.593+06:00  INFO 9062 --- [Event_Sync] [           main] o.s.b.a.e.web.EndpointLinksResolver      : Exposing 1 endpoint beneath base path '/actuator'
2024-11-03T11:33:20.692+06:00  INFO 9062 --- [Event_Sync] [           main] c.C.E.EventSyncApplicationTests          : Started EventSyncApplicationTests in 6.44 seconds (process running for 7.301)
]]></system-out>
    <system-err><![CDATA[WARNING: A Java agent has been loaded dynamically (/home/rakib/.m2/repository/net/bytebuddy/byte-buddy-agent/1.14.19/byte-buddy-agent-1.14.19.jar)
WARNING: If a serviceability tool is in use, please run with -XX:+EnableDynamicAgentLoading to hide this warning
WARNING: If a serviceability tool is not in use, please run with -Djdk.instrument.traceUsage for more information
WARNING: Dynamic loading of agents will be disallowed by default in a future release
]]></system-err>
  </testcase>
</testsuite>